[INFO] Scanning for projects...
[INFO] 
[INFO] -------------------< com.reportes:backend-reportes >--------------------
[INFO] Building BackendReportes 1.0.0
[INFO]   from pom.xml
[INFO] --------------------------------[ jar ]---------------------------------
[INFO] 
[INFO] >>> spring-boot:3.2.0:run (default-cli) > test-compile @ backend-reportes >>>
[INFO] 
[INFO] --- resources:3.3.1:resources (default-resources) @ backend-reportes ---
[INFO] Copying 1 resource from src\main\resources to target\classes
[INFO] Copying 0 resource from src\main\resources to target\classes
[INFO] 
[INFO] --- compiler:3.11.0:compile (default-compile) @ backend-reportes ---
[INFO] Changes detected - recompiling the module! :source
[INFO] Compiling 8 source files with javac [debug release 17] to target\classes
[INFO] 
[INFO] --- resources:3.3.1:testResources (default-testResources) @ backend-reportes ---
[INFO] skip non existing resourceDirectory C:\Users\Razse\Downloads\asda\IntegraUPT\IntegraUPT\Integraupt-Backend\BackendReportes\src\test\resources
[INFO] 
[INFO] --- compiler:3.11.0:testCompile (default-testCompile) @ backend-reportes ---
[INFO] Changes detected - recompiling the module! :dependency
[INFO] Compiling 1 source file with javac [debug release 17] to target\test-classes
[INFO] 
[INFO] <<< spring-boot:3.2.0:run (default-cli) < test-compile @ backend-reportes <<<
[INFO] 
[INFO] 
[INFO] --- spring-boot:3.2.0:run (default-cli) @ backend-reportes ---
[INFO] Attaching agents: []

  .   ____          _            __ _ _
 /\\ / ___'_ __ _ _(_)_ __  __ _ \ \ \ \
( ( )\___ | '_ | '_| | '_ \/ _` | \ \ \ \
 \\/  ___)| |_)| | | | | || (_| |  ) ) ) )
  '  |____| .__|_| |_|_| |_\__, | / / / /
 =========|_|==============|___/=/_/_/_/
 :: Spring Boot ::                (v3.2.0)

2025-11-26T18:46:31.862-05:00  INFO 12508 --- [reportes-backend] [           main] c.B.BackendReportesApplication           : Starting BackendReportesApplication using Java 21.0.8 with PID 12508 (C:\Users\Razse\Downloads\asda\IntegraUPT\IntegraUPT\Integraupt-Backend\BackendReportes\target\classes started by Razse in C:\Users\Razse\Downloads\asda\IntegraUPT\IntegraUPT\Integraupt-Backend\BackendReportes)
2025-11-26T18:46:31.865-05:00  INFO 12508 --- [reportes-backend] [           main] c.B.BackendReportesApplication           : No active profile set, falling back to 1 default profile: "default"
2025-11-26T18:46:33.403-05:00  INFO 12508 --- [reportes-backend] [           main] .s.d.r.c.RepositoryConfigurationDelegate : Bootstrapping Spring Data JPA repositories in DEFAULT mode.
2025-11-26T18:46:33.448-05:00  INFO 12508 --- [reportes-backend] [           main] .s.d.r.c.RepositoryConfigurationDelegate : Finished Spring Data repository scanning in 29 ms. Found 0 JPA repository interfaces.
2025-11-26T18:46:34.512-05:00  INFO 12508 --- [reportes-backend] [           main] o.s.b.w.embedded.tomcat.TomcatWebServer  : Tomcat initialized with port 8089 (http)
2025-11-26T18:46:34.535-05:00  INFO 12508 --- [reportes-backend] [           main] o.apache.catalina.core.StandardService   : Starting service [Tomcat]
2025-11-26T18:46:34.535-05:00  INFO 12508 --- [reportes-backend] [           main] o.apache.catalina.core.StandardEngine    : Starting Servlet engine: [Apache Tomcat/10.1.16]
2025-11-26T18:46:34.655-05:00  INFO 12508 --- [reportes-backend] [           main] o.a.c.c.C.[Tomcat].[localhost].[/]       : Initializing Spring embedded WebApplicationContext
2025-11-26T18:46:34.656-05:00  INFO 12508 --- [reportes-backend] [           main] w.s.c.ServletWebServerApplicationContext : Root WebApplicationContext: initialization completed in 2714 ms
2025-11-26T18:46:34.918-05:00  INFO 12508 --- [reportes-backend] [           main] o.hibernate.jpa.internal.util.LogHelper  : HHH000204: Processing PersistenceUnitInfo [name: default]
2025-11-26T18:46:35.019-05:00  INFO 12508 --- [reportes-backend] [           main] org.hibernate.Version                    : HHH000412: Hibernate ORM core version 6.3.1.Final
2025-11-26T18:46:35.095-05:00  INFO 12508 --- [reportes-backend] [           main] o.h.c.internal.RegionFactoryInitiator    : HHH000026: Second-level cache disabled
2025-11-26T18:46:35.524-05:00  INFO 12508 --- [reportes-backend] [           main] o.s.o.j.p.SpringPersistenceUnitInfo      : No LoadTimeWeaver setup: ignoring JPA class transformer
2025-11-26T18:46:35.571-05:00  INFO 12508 --- [reportes-backend] [           main] com.zaxxer.hikari.HikariDataSource       : HikariPool-1 - Starting...
2025-11-26T18:46:35.790-05:00  INFO 12508 --- [reportes-backend] [           main] com.zaxxer.hikari.pool.HikariPool        : HikariPool-1 - Added connection com.mysql.cj.jdbc.ConnectionImpl@26fadd98
2025-11-26T18:46:35.792-05:00  INFO 12508 --- [reportes-backend] [           main] com.zaxxer.hikari.HikariDataSource       : HikariPool-1 - Start completed.
2025-11-26T18:46:35.849-05:00  WARN 12508 --- [reportes-backend] [           main] org.hibernate.dialect.Dialect            : HHH000511: The 5.5.0 version for [org.hibernate.dialect.MySQLDialect] is no longer supported, hence certain features may not work properly. The minimum supported version is 5.7.0. Check the community dialects project for available legacy versions.
2025-11-26T18:46:35.854-05:00  WARN 12508 --- [reportes-backend] [           main] org.hibernate.orm.deprecation            : HHH90000025: MySQLDialect does not need to be specified explicitly using 'hibernate.dialect' (remove the property setting and it will be selected by default)
2025-11-26T18:46:36.360-05:00  INFO 12508 --- [reportes-backend] [           main] o.h.e.t.j.p.i.JtaPlatformInitiator       : HHH000489: No JTA platform available (set 'hibernate.transaction.jta.platform' to enable JTA platform integration)
2025-11-26T18:46:36.372-05:00  INFO 12508 --- [reportes-backend] [           main] j.LocalContainerEntityManagerFactoryBean : Initialized JPA EntityManagerFactory for persistence unit 'default'
2025-11-26T18:46:37.043-05:00  INFO 12508 --- [reportes-backend] [           main] o.s.b.w.embedded.tomcat.TomcatWebServer  : Tomcat started on port 8089 (http) with context path ''
2025-11-26T18:46:37.053-05:00  INFO 12508 --- [reportes-backend] [           main] c.B.BackendReportesApplication           : Started BackendReportesApplication in 6.005 seconds (process running for 6.998)
2025-11-26T18:48:36.894-05:00  INFO 12508 --- [reportes-backend] [nio-8089-exec-3] o.a.c.c.C.[Tomcat].[localhost].[/]       : Initializing Spring DispatcherServlet 'dispatcherServlet'
2025-11-26T18:48:36.894-05:00  INFO 12508 --- [reportes-backend] [nio-8089-exec-3] o.s.web.servlet.DispatcherServlet        : Initializing Servlet 'dispatcherServlet'
2025-11-26T18:48:36.895-05:00  INFO 12508 --- [reportes-backend] [nio-8089-exec-3] o.s.web.servlet.DispatcherServlet        : Completed initialization in 1 ms
2025-11-26T19:17:29.782-05:00  WARN 12508 --- [reportes-backend] [l-1 housekeeper] com.zaxxer.hikari.pool.HikariPool        : HikariPool-1 - Thread starvation or clock leap detected (housekeeper delta=1m52s451ms841µs900ns).
2025-11-26T19:42:32.334-05:00  INFO 12508 --- [reportes-backend] [ionShutdownHook] j.LocalContainerEntityManagerFactoryBean : Closing JPA EntityManagerFactory for persistence unit 'default'
2025-11-26T19:42:32.366-05:00  INFO 12508 --- [reportes-backend] [ionShutdownHook] com.zaxxer.hikari.HikariDataSource       : HikariPool-1 - Shutdown initiated...
2025-11-26T19:42:32.376-05:00  INFO 12508 --- [reportes-backend] [ionShutdownHook] com.zaxxer.hikari.HikariDataSource       : HikariPool-1 - Shutdown completed.
