[INFO] Scanning for projects...
[INFO] 
[INFO] ---------------------------< login:loginSAD >---------------------------
[INFO] Building loginSAD 0.0.1-SNAPSHOT
[INFO]   from pom.xml
[INFO] --------------------------------[ jar ]---------------------------------
[INFO] 
[INFO] >>> spring-boot:3.5.7:run (default-cli) > test-compile @ loginSAD >>>
[INFO] 
[INFO] --- resources:3.3.1:resources (default-resources) @ loginSAD ---
[INFO] Copying 1 resource from src\main\resources to target\classes
[INFO] Copying 0 resource from src\main\resources to target\classes
[INFO] 
[INFO] --- compiler:3.14.1:compile (default-compile) @ loginSAD ---
[INFO] Recompiling the module because of changed source code.
[INFO] Compiling 19 source files with javac [debug parameters release 17] to target\classes
[INFO] Annotation processing is enabled because one or more processors were found
  on the class path. A future release of javac may disable annotation processing
  unless at least one processor is specified by name (-processor), or a search
  path is specified (--processor-path, --processor-module-path), or annotation
  processing is enabled explicitly (-proc:only, -proc:full).
  Use -Xlint:-options to suppress this message.
  Use -proc:none to disable annotation processing.
[INFO] 
[INFO] --- resources:3.3.1:testResources (default-testResources) @ loginSAD ---
[INFO] skip non existing resourceDirectory C:\Users\Razse\Downloads\asda\IntegraUPT\IntegraUPT\Integraupt-Backend\BackendLogin\src\test\resources
[INFO] 
[INFO] --- compiler:3.14.1:testCompile (default-testCompile) @ loginSAD ---
[INFO] Recompiling the module because of changed dependency.
[INFO] Compiling 1 source file with javac [debug parameters release 17] to target\test-classes
[INFO] Annotation processing is enabled because one or more processors were found
  on the class path. A future release of javac may disable annotation processing
  unless at least one processor is specified by name (-processor), or a search
  path is specified (--processor-path, --processor-module-path), or annotation
  processing is enabled explicitly (-proc:only, -proc:full).
  Use -Xlint:-options to suppress this message.
  Use -proc:none to disable annotation processing.
[INFO] 
[INFO] <<< spring-boot:3.5.7:run (default-cli) < test-compile @ loginSAD <<<
[INFO] 
[INFO] 
[INFO] --- spring-boot:3.5.7:run (default-cli) @ loginSAD ---
[INFO] Attaching agents: []

  .   ____          _            __ _ _
 /\\ / ___'_ __ _ _(_)_ __  __ _ \ \ \ \
( ( )\___ | '_ | '_| | '_ \/ _` | \ \ \ \
 \\/  ___)| |_)| | | | | || (_| |  ) ) ) )
  '  |____| .__|_| |_|_| |_\__, | / / / /
 =========|_|==============|___/=/_/_/_/

 :: Spring Boot ::                (v3.5.7)

2025-11-26T18:46:33.441-05:00  INFO 17552 --- [  restartedMain] app.LoginSadApplication                  : Starting LoginSadApplication using Java 21.0.8 with PID 17552 (C:\Users\Razse\Downloads\asda\IntegraUPT\IntegraUPT\Integraupt-Backend\BackendLogin\target\classes started by Razse in C:\Users\Razse\Downloads\asda\IntegraUPT\IntegraUPT\Integraupt-Backend\BackendLogin)
2025-11-26T18:46:33.445-05:00  INFO 17552 --- [  restartedMain] app.LoginSadApplication                  : No active profile set, falling back to 1 default profile: "default"
2025-11-26T18:46:33.538-05:00  INFO 17552 --- [  restartedMain] .e.DevToolsPropertyDefaultsPostProcessor : Devtools property defaults active! Set 'spring.devtools.add-properties' to 'false' to disable
2025-11-26T18:46:33.539-05:00  INFO 17552 --- [  restartedMain] .e.DevToolsPropertyDefaultsPostProcessor : For additional web related logging consider setting the 'logging.level.web' property to 'DEBUG'
2025-11-26T18:46:34.450-05:00  INFO 17552 --- [  restartedMain] .s.d.r.c.RepositoryConfigurationDelegate : Bootstrapping Spring Data JPA repositories in DEFAULT mode.
2025-11-26T18:46:34.543-05:00  INFO 17552 --- [  restartedMain] .s.d.r.c.RepositoryConfigurationDelegate : Finished Spring Data repository scanning in 80 ms. Found 4 JPA repository interfaces.
2025-11-26T18:46:35.668-05:00  INFO 17552 --- [  restartedMain] o.s.b.w.embedded.tomcat.TomcatWebServer  : Tomcat initialized with port 8081 (http)
2025-11-26T18:46:35.695-05:00  INFO 17552 --- [  restartedMain] o.apache.catalina.core.StandardService   : Starting service [Tomcat]
2025-11-26T18:46:35.696-05:00  INFO 17552 --- [  restartedMain] o.apache.catalina.core.StandardEngine    : Starting Servlet engine: [Apache Tomcat/10.1.48]
2025-11-26T18:46:35.761-05:00  INFO 17552 --- [  restartedMain] o.a.c.c.C.[Tomcat].[localhost].[/]       : Initializing Spring embedded WebApplicationContext
2025-11-26T18:46:35.762-05:00  INFO 17552 --- [  restartedMain] w.s.c.ServletWebServerApplicationContext : Root WebApplicationContext: initialization completed in 2222 ms
2025-11-26T18:46:35.961-05:00  INFO 17552 --- [  restartedMain] o.hibernate.jpa.internal.util.LogHelper  : HHH000204: Processing PersistenceUnitInfo [name: default]
2025-11-26T18:46:36.029-05:00  INFO 17552 --- [  restartedMain] org.hibernate.Version                    : HHH000412: Hibernate ORM core version 6.6.33.Final
2025-11-26T18:46:36.079-05:00  INFO 17552 --- [  restartedMain] o.h.c.internal.RegionFactoryInitiator    : HHH000026: Second-level cache disabled
2025-11-26T18:46:36.516-05:00  INFO 17552 --- [  restartedMain] o.s.o.j.p.SpringPersistenceUnitInfo      : No LoadTimeWeaver setup: ignoring JPA class transformer
2025-11-26T18:46:36.573-05:00  INFO 17552 --- [  restartedMain] com.zaxxer.hikari.HikariDataSource       : HikariPool-1 - Starting...
2025-11-26T18:46:36.711-05:00  INFO 17552 --- [  restartedMain] com.zaxxer.hikari.pool.HikariPool        : HikariPool-1 - Added connection org.mariadb.jdbc.Connection@40f10a83
2025-11-26T18:46:36.714-05:00  INFO 17552 --- [  restartedMain] com.zaxxer.hikari.HikariDataSource       : HikariPool-1 - Start completed.
2025-11-26T18:46:36.756-05:00  WARN 17552 --- [  restartedMain] org.hibernate.orm.deprecation            : HHH90000025: MariaDBDialect does not need to be specified explicitly using 'hibernate.dialect' (remove the property setting and it will be selected by default)
2025-11-26T18:46:36.783-05:00  INFO 17552 --- [  restartedMain] org.hibernate.orm.connections.pooling    : HHH10001005: Database info:
	Database JDBC URL [Connecting through datasource 'HikariDataSource (HikariPool-1)']
	Database driver: undefined/unknown
	Database version: 10.4.32
	Autocommit mode: undefined/unknown
	Isolation level: undefined/unknown
	Minimum pool size: undefined/unknown
	Maximum pool size: undefined/unknown
2025-11-26T18:46:38.363-05:00  INFO 17552 --- [  restartedMain] o.h.e.t.j.p.i.JtaPlatformInitiator       : HHH000489: No JTA platform available (set 'hibernate.transaction.jta.platform' to enable JTA platform integration)
2025-11-26T18:46:38.425-05:00  INFO 17552 --- [  restartedMain] j.LocalContainerEntityManagerFactoryBean : Initialized JPA EntityManagerFactory for persistence unit 'default'
2025-11-26T18:46:39.054-05:00  WARN 17552 --- [  restartedMain] JpaBaseConfiguration$JpaWebConfiguration : spring.jpa.open-in-view is enabled by default. Therefore, database queries may be performed during view rendering. Explicitly configure spring.jpa.open-in-view to disable this warning
2025-11-26T18:46:39.425-05:00  WARN 17552 --- [  restartedMain] ion$DefaultTemplateResolverConfiguration : Cannot find template location: classpath:/templates/ (please add some templates, check your Thymeleaf configuration, or set spring.thymeleaf.check-template-location=false)
2025-11-26T18:46:39.558-05:00  WARN 17552 --- [  restartedMain] o.s.b.d.a.OptionalLiveReloadServer       : Unable to start LiveReload server
2025-11-26T18:46:39.596-05:00  INFO 17552 --- [  restartedMain] o.s.b.w.embedded.tomcat.TomcatWebServer  : Tomcat started on port 8081 (http) with context path '/'
2025-11-26T18:46:39.605-05:00  INFO 17552 --- [  restartedMain] app.LoginSadApplication                  : Started LoginSadApplication in 7.109 seconds (process running for 8.062)
2025-11-26T18:47:35.472-05:00  INFO 17552 --- [nio-8081-exec-1] o.a.c.c.C.[Tomcat].[localhost].[/]       : Initializing Spring DispatcherServlet 'dispatcherServlet'
2025-11-26T18:47:35.472-05:00  INFO 17552 --- [nio-8081-exec-1] o.s.web.servlet.DispatcherServlet        : Initializing Servlet 'dispatcherServlet'
2025-11-26T18:47:35.473-05:00  INFO 17552 --- [nio-8081-exec-1] o.s.web.servlet.DispatcherServlet        : Completed initialization in 1 ms
Hibernate: 
    select
        ua1_0.IdAuth,
        ua1_0.CorreoU,
        ua1_0.Password,
        ua1_0.SesionExpira,
        ua1_0.SesionTipo,
        ua1_0.SesionToken,
        ua1_0.UltimoLogin,
        ua1_0.IdUsuario 
    from
        usuario_auth ua1_0 
    left join
        usuario u1_0 
            on u1_0.IdUsuario=ua1_0.IdUsuario 
    where
        upper(ua1_0.CorreoU)=upper(?) 
        or u1_0.NumDoc=?
Hibernate: 
    select
        u1_0.IdUsuario,
        u1_0.Apellido,
        u1_0.Estado,
        u1_0.FechaRegistro,
        u1_0.Nombre,
        u1_0.NumDoc,
        u1_0.Rol,
        r1_0.IdRol,
        r1_0.Nombre 
    from
        usuario u1_0 
    join
        rol r1_0 
            on r1_0.IdRol=u1_0.Rol 
    where
        u1_0.IdUsuario=?
Hibernate: 
    select
        e1_0.IdEstudiante,
        e1_0.Codigo,
        e1_0.Escuela,
        e2_0.IdEscuela,
        e2_0.IdFacultad,
        e2_0.Nombre,
        e1_0.IdUsuario 
    from
        estudiante e1_0 
    left join
        usuario u1_0 
            on u1_0.IdUsuario=e1_0.IdUsuario 
    join
        escuela e2_0 
            on e2_0.IdEscuela=e1_0.Escuela 
    where
        u1_0.IdUsuario=?
Hibernate: 
    update
        usuario_auth 
    set
        CorreoU=?,
        Password=?,
        SesionExpira=?,
        SesionTipo=?,
        SesionToken=?,
        UltimoLogin=?,
        IdUsuario=? 
    where
        IdAuth=?
Hibernate: 
    select
        ua1_0.IdAuth,
        ua1_0.CorreoU,
        ua1_0.Password,
        ua1_0.SesionExpira,
        ua1_0.SesionTipo,
        ua1_0.SesionToken,
        ua1_0.UltimoLogin,
        ua1_0.IdUsuario 
    from
        usuario_auth ua1_0 
    left join
        usuario u1_0 
            on u1_0.IdUsuario=ua1_0.IdUsuario 
    where
        u1_0.IdUsuario=?
Hibernate: 
    select
        u1_0.IdUsuario,
        u1_0.Apellido,
        u1_0.Estado,
        u1_0.FechaRegistro,
        u1_0.Nombre,
        u1_0.NumDoc,
        u1_0.Rol,
        r1_0.IdRol,
        r1_0.Nombre 
    from
        usuario u1_0 
    join
        rol r1_0 
            on r1_0.IdRol=u1_0.Rol 
    where
        u1_0.IdUsuario=?
Hibernate: 
    update
        usuario_auth 
    set
        CorreoU=?,
        Password=?,
        SesionExpira=?,
        SesionTipo=?,
        SesionToken=?,
        UltimoLogin=?,
        IdUsuario=? 
    where
        IdAuth=?
Hibernate: 
    select
        ua1_0.IdAuth,
        ua1_0.CorreoU,
        ua1_0.Password,
        ua1_0.SesionExpira,
        ua1_0.SesionTipo,
        ua1_0.SesionToken,
        ua1_0.UltimoLogin,
        ua1_0.IdUsuario 
    from
        usuario_auth ua1_0 
    left join
        usuario u1_0 
            on u1_0.IdUsuario=ua1_0.IdUsuario 
    where
        upper(ua1_0.CorreoU)=upper(?) 
        or u1_0.NumDoc=?
Hibernate: 
    select
        u1_0.IdUsuario,
        u1_0.Apellido,
        u1_0.Estado,
        u1_0.FechaRegistro,
        u1_0.Nombre,
        u1_0.NumDoc,
        u1_0.Rol,
        r1_0.IdRol,
        r1_0.Nombre 
    from
        usuario u1_0 
    join
        rol r1_0 
            on r1_0.IdRol=u1_0.Rol 
    where
        u1_0.IdUsuario=?
Hibernate: 
    select
        a1_0.IdAdministrativo,
        e1_0.IdEscuela,
        e1_0.IdFacultad,
        e1_0.Nombre,
        a1_0.Extension,
        a1_0.FechaIncorporacion,
        a1_0.Turno,
        a1_0.IdUsuario 
    from
        administrativo a1_0 
    left join
        usuario u1_0 
            on u1_0.IdUsuario=a1_0.IdUsuario 
    left join
        escuela e1_0 
            on e1_0.IdEscuela=a1_0.Escuela 
    where
        u1_0.IdUsuario=?
Hibernate: 
    update
        usuario_auth 
    set
        CorreoU=?,
        Password=?,
        SesionExpira=?,
        SesionTipo=?,
        SesionToken=?,
        UltimoLogin=?,
        IdUsuario=? 
    where
        IdAuth=?
Hibernate: 
    select
        ua1_0.IdAuth,
        ua1_0.CorreoU,
        ua1_0.Password,
        ua1_0.SesionExpira,
        ua1_0.SesionTipo,
        ua1_0.SesionToken,
        ua1_0.UltimoLogin,
        ua1_0.IdUsuario 
    from
        usuario_auth ua1_0 
    left join
        usuario u1_0 
            on u1_0.IdUsuario=ua1_0.IdUsuario 
    where
        u1_0.IdUsuario=?
Hibernate: 
    select
        u1_0.IdUsuario,
        u1_0.Apellido,
        u1_0.Estado,
        u1_0.FechaRegistro,
        u1_0.Nombre,
        u1_0.NumDoc,
        u1_0.Rol,
        r1_0.IdRol,
        r1_0.Nombre 
    from
        usuario u1_0 
    join
        rol r1_0 
            on r1_0.IdRol=u1_0.Rol 
    where
        u1_0.IdUsuario=?
Hibernate: 
    update
        usuario_auth 
    set
        CorreoU=?,
        Password=?,
        SesionExpira=?,
        SesionTipo=?,
        SesionToken=?,
        UltimoLogin=?,
        IdUsuario=? 
    where
        IdAuth=?
Hibernate: 
    select
        ua1_0.IdAuth,
        ua1_0.CorreoU,
        ua1_0.Password,
        ua1_0.SesionExpira,
        ua1_0.SesionTipo,
        ua1_0.SesionToken,
        ua1_0.UltimoLogin,
        ua1_0.IdUsuario 
    from
        usuario_auth ua1_0 
    left join
        usuario u1_0 
            on u1_0.IdUsuario=ua1_0.IdUsuario 
    where
        upper(ua1_0.CorreoU)=upper(?) 
        or u1_0.NumDoc=?
Hibernate: 
    select
        u1_0.IdUsuario,
        u1_0.Apellido,
        u1_0.Estado,
        u1_0.FechaRegistro,
        u1_0.Nombre,
        u1_0.NumDoc,
        u1_0.Rol,
        r1_0.IdRol,
        r1_0.Nombre 
    from
        usuario u1_0 
    join
        rol r1_0 
            on r1_0.IdRol=u1_0.Rol 
    where
        u1_0.IdUsuario=?
Hibernate: 
    select
        e1_0.IdEstudiante,
        e1_0.Codigo,
        e1_0.Escuela,
        e2_0.IdEscuela,
        e2_0.IdFacultad,
        e2_0.Nombre,
        e1_0.IdUsuario 
    from
        estudiante e1_0 
    left join
        usuario u1_0 
            on u1_0.IdUsuario=e1_0.IdUsuario 
    join
        escuela e2_0 
            on e2_0.IdEscuela=e1_0.Escuela 
    where
        u1_0.IdUsuario=?
Hibernate: 
    update
        usuario_auth 
    set
        CorreoU=?,
        Password=?,
        SesionExpira=?,
        SesionTipo=?,
        SesionToken=?,
        UltimoLogin=?,
        IdUsuario=? 
    where
        IdAuth=?
Hibernate: 
    select
        ua1_0.IdAuth,
        ua1_0.CorreoU,
        ua1_0.Password,
        ua1_0.SesionExpira,
        ua1_0.SesionTipo,
        ua1_0.SesionToken,
        ua1_0.UltimoLogin,
        ua1_0.IdUsuario 
    from
        usuario_auth ua1_0 
    left join
        usuario u1_0 
            on u1_0.IdUsuario=ua1_0.IdUsuario 
    where
        u1_0.IdUsuario=?
Hibernate: 
    select
        u1_0.IdUsuario,
        u1_0.Apellido,
        u1_0.Estado,
        u1_0.FechaRegistro,
        u1_0.Nombre,
        u1_0.NumDoc,
        u1_0.Rol,
        r1_0.IdRol,
        r1_0.Nombre 
    from
        usuario u1_0 
    join
        rol r1_0 
            on r1_0.IdRol=u1_0.Rol 
    where
        u1_0.IdUsuario=?
Hibernate: 
    update
        usuario_auth 
    set
        CorreoU=?,
        Password=?,
        SesionExpira=?,
        SesionTipo=?,
        SesionToken=?,
        UltimoLogin=?,
        IdUsuario=? 
    where
        IdAuth=?
Hibernate: 
    select
        ua1_0.IdAuth,
        ua1_0.CorreoU,
        ua1_0.Password,
        ua1_0.SesionExpira,
        ua1_0.SesionTipo,
        ua1_0.SesionToken,
        ua1_0.UltimoLogin,
        ua1_0.IdUsuario 
    from
        usuario_auth ua1_0 
    left join
        usuario u1_0 
            on u1_0.IdUsuario=ua1_0.IdUsuario 
    where
        upper(ua1_0.CorreoU)=upper(?) 
        or u1_0.NumDoc=?
Hibernate: 
    select
        u1_0.IdUsuario,
        u1_0.Apellido,
        u1_0.Estado,
        u1_0.FechaRegistro,
        u1_0.Nombre,
        u1_0.NumDoc,
        u1_0.Rol,
        r1_0.IdRol,
        r1_0.Nombre 
    from
        usuario u1_0 
    join
        rol r1_0 
            on r1_0.IdRol=u1_0.Rol 
    where
        u1_0.IdUsuario=?
Hibernate: 
    select
        e1_0.IdEstudiante,
        e1_0.Codigo,
        e1_0.Escuela,
        e2_0.IdEscuela,
        e2_0.IdFacultad,
        e2_0.Nombre,
        e1_0.IdUsuario 
    from
        estudiante e1_0 
    left join
        usuario u1_0 
            on u1_0.IdUsuario=e1_0.IdUsuario 
    join
        escuela e2_0 
            on e2_0.IdEscuela=e1_0.Escuela 
    where
        u1_0.IdUsuario=?
Hibernate: 
    update
        usuario_auth 
    set
        CorreoU=?,
        Password=?,
        SesionExpira=?,
        SesionTipo=?,
        SesionToken=?,
        UltimoLogin=?,
        IdUsuario=? 
    where
        IdAuth=?
Hibernate: 
    select
        ua1_0.IdAuth,
        ua1_0.CorreoU,
        ua1_0.Password,
        ua1_0.SesionExpira,
        ua1_0.SesionTipo,
        ua1_0.SesionToken,
        ua1_0.UltimoLogin,
        ua1_0.IdUsuario 
    from
        usuario_auth ua1_0 
    where
        ua1_0.SesionToken=?
Hibernate: 
    select
        ua1_0.IdAuth,
        ua1_0.CorreoU,
        ua1_0.Password,
        ua1_0.SesionExpira,
        ua1_0.SesionTipo,
        ua1_0.SesionToken,
        ua1_0.UltimoLogin,
        ua1_0.IdUsuario 
    from
        usuario_auth ua1_0 
    where
        ua1_0.SesionToken=?
2025-11-26T19:17:27.697-05:00  WARN 17552 --- [l-1:housekeeper] com.zaxxer.hikari.pool.HikariPool        : HikariPool-1 - Thread starvation or clock leap detected (housekeeper delta=1m50s524ms524µs300ns).
Hibernate: 
    select
        ua1_0.IdAuth,
        ua1_0.CorreoU,
        ua1_0.Password,
        ua1_0.SesionExpira,
        ua1_0.SesionTipo,
        ua1_0.SesionToken,
        ua1_0.UltimoLogin,
        ua1_0.IdUsuario 
    from
        usuario_auth ua1_0 
    where
        ua1_0.SesionToken=?
Hibernate: 
    select
        ua1_0.IdAuth,
        ua1_0.CorreoU,
        ua1_0.Password,
        ua1_0.SesionExpira,
        ua1_0.SesionTipo,
        ua1_0.SesionToken,
        ua1_0.UltimoLogin,
        ua1_0.IdUsuario 
    from
        usuario_auth ua1_0 
    where
        ua1_0.SesionToken=?
Hibernate: 
    select
        u1_0.IdUsuario,
        u1_0.Apellido,
        u1_0.Estado,
        u1_0.FechaRegistro,
        u1_0.Nombre,
        u1_0.NumDoc,
        u1_0.Rol,
        r1_0.IdRol,
        r1_0.Nombre 
    from
        usuario u1_0 
    join
        rol r1_0 
            on r1_0.IdRol=u1_0.Rol 
    where
        u1_0.IdUsuario=?
Hibernate: 
    select
        u1_0.IdUsuario,
        u1_0.Apellido,
        u1_0.Estado,
        u1_0.FechaRegistro,
        u1_0.Nombre,
        u1_0.NumDoc,
        u1_0.Rol,
        r1_0.IdRol,
        r1_0.Nombre 
    from
        usuario u1_0 
    join
        rol r1_0 
            on r1_0.IdRol=u1_0.Rol 
    where
        u1_0.IdUsuario=?
Hibernate: 
    select
        e1_0.IdEstudiante,
        e1_0.Codigo,
        e1_0.Escuela,
        e2_0.IdEscuela,
        e2_0.IdFacultad,
        e2_0.Nombre,
        e1_0.IdUsuario 
    from
        estudiante e1_0 
    left join
        usuario u1_0 
            on u1_0.IdUsuario=e1_0.IdUsuario 
    join
        escuela e2_0 
            on e2_0.IdEscuela=e1_0.Escuela 
    where
        u1_0.IdUsuario=?
Hibernate: 
    select
        e1_0.IdEstudiante,
        e1_0.Codigo,
        e1_0.Escuela,
        e2_0.IdEscuela,
        e2_0.IdFacultad,
        e2_0.Nombre,
        e1_0.IdUsuario 
    from
        estudiante e1_0 
    left join
        usuario u1_0 
            on u1_0.IdUsuario=e1_0.IdUsuario 
    join
        escuela e2_0 
            on e2_0.IdEscuela=e1_0.Escuela 
    where
        u1_0.IdUsuario=?
Hibernate: 
    update
        usuario_auth 
    set
        CorreoU=?,
        Password=?,
        SesionExpira=?,
        SesionTipo=?,
        SesionToken=?,
        UltimoLogin=?,
        IdUsuario=? 
    where
        IdAuth=?
Hibernate: 
    update
        usuario_auth 
    set
        CorreoU=?,
        Password=?,
        SesionExpira=?,
        SesionTipo=?,
        SesionToken=?,
        UltimoLogin=?,
        IdUsuario=? 
    where
        IdAuth=?
Hibernate: 
    select
        ua1_0.IdAuth,
        ua1_0.CorreoU,
        ua1_0.Password,
        ua1_0.SesionExpira,
        ua1_0.SesionTipo,
        ua1_0.SesionToken,
        ua1_0.UltimoLogin,
        ua1_0.IdUsuario 
    from
        usuario_auth ua1_0 
    left join
        usuario u1_0 
            on u1_0.IdUsuario=ua1_0.IdUsuario 
    where
        u1_0.IdUsuario=?
Hibernate: 
    select
        u1_0.IdUsuario,
        u1_0.Apellido,
        u1_0.Estado,
        u1_0.FechaRegistro,
        u1_0.Nombre,
        u1_0.NumDoc,
        u1_0.Rol,
        r1_0.IdRol,
        r1_0.Nombre 
    from
        usuario u1_0 
    join
        rol r1_0 
            on r1_0.IdRol=u1_0.Rol 
    where
        u1_0.IdUsuario=?
Hibernate: 
    update
        usuario_auth 
    set
        CorreoU=?,
        Password=?,
        SesionExpira=?,
        SesionTipo=?,
        SesionToken=?,
        UltimoLogin=?,
        IdUsuario=? 
    where
        IdAuth=?
Hibernate: 
    select
        ua1_0.IdAuth,
        ua1_0.CorreoU,
        ua1_0.Password,
        ua1_0.SesionExpira,
        ua1_0.SesionTipo,
        ua1_0.SesionToken,
        ua1_0.UltimoLogin,
        ua1_0.IdUsuario 
    from
        usuario_auth ua1_0 
    left join
        usuario u1_0 
            on u1_0.IdUsuario=ua1_0.IdUsuario 
    where
        upper(ua1_0.CorreoU)=upper(?) 
        or u1_0.NumDoc=?
Hibernate: 
    select
        u1_0.IdUsuario,
        u1_0.Apellido,
        u1_0.Estado,
        u1_0.FechaRegistro,
        u1_0.Nombre,
        u1_0.NumDoc,
        u1_0.Rol,
        r1_0.IdRol,
        r1_0.Nombre 
    from
        usuario u1_0 
    join
        rol r1_0 
            on r1_0.IdRol=u1_0.Rol 
    where
        u1_0.IdUsuario=?
Hibernate: 
    select
        e1_0.IdEstudiante,
        e1_0.Codigo,
        e1_0.Escuela,
        e2_0.IdEscuela,
        e2_0.IdFacultad,
        e2_0.Nombre,
        e1_0.IdUsuario 
    from
        estudiante e1_0 
    left join
        usuario u1_0 
            on u1_0.IdUsuario=e1_0.IdUsuario 
    join
        escuela e2_0 
            on e2_0.IdEscuela=e1_0.Escuela 
    where
        u1_0.IdUsuario=?
Hibernate: 
    update
        usuario_auth 
    set
        CorreoU=?,
        Password=?,
        SesionExpira=?,
        SesionTipo=?,
        SesionToken=?,
        UltimoLogin=?,
        IdUsuario=? 
    where
        IdAuth=?
Hibernate: 
    select
        ua1_0.IdAuth,
        ua1_0.CorreoU,
        ua1_0.Password,
        ua1_0.SesionExpira,
        ua1_0.SesionTipo,
        ua1_0.SesionToken,
        ua1_0.UltimoLogin,
        ua1_0.IdUsuario 
    from
        usuario_auth ua1_0 
    left join
        usuario u1_0 
            on u1_0.IdUsuario=ua1_0.IdUsuario 
    where
        u1_0.IdUsuario=?
Hibernate: 
    select
        u1_0.IdUsuario,
        u1_0.Apellido,
        u1_0.Estado,
        u1_0.FechaRegistro,
        u1_0.Nombre,
        u1_0.NumDoc,
        u1_0.Rol,
        r1_0.IdRol,
        r1_0.Nombre 
    from
        usuario u1_0 
    join
        rol r1_0 
            on r1_0.IdRol=u1_0.Rol 
    where
        u1_0.IdUsuario=?
Hibernate: 
    update
        usuario_auth 
    set
        CorreoU=?,
        Password=?,
        SesionExpira=?,
        SesionTipo=?,
        SesionToken=?,
        UltimoLogin=?,
        IdUsuario=? 
    where
        IdAuth=?
Hibernate: 
    select
        ua1_0.IdAuth,
        ua1_0.CorreoU,
        ua1_0.Password,
        ua1_0.SesionExpira,
        ua1_0.SesionTipo,
        ua1_0.SesionToken,
        ua1_0.UltimoLogin,
        ua1_0.IdUsuario 
    from
        usuario_auth ua1_0 
    left join
        usuario u1_0 
            on u1_0.IdUsuario=ua1_0.IdUsuario 
    where
        upper(ua1_0.CorreoU)=upper(?) 
        or u1_0.NumDoc=?
Hibernate: 
    select
        u1_0.IdUsuario,
        u1_0.Apellido,
        u1_0.Estado,
        u1_0.FechaRegistro,
        u1_0.Nombre,
        u1_0.NumDoc,
        u1_0.Rol,
        r1_0.IdRol,
        r1_0.Nombre 
    from
        usuario u1_0 
    join
        rol r1_0 
            on r1_0.IdRol=u1_0.Rol 
    where
        u1_0.IdUsuario=?
Hibernate: 
    select
        a1_0.IdAdministrativo,
        e1_0.IdEscuela,
        e1_0.IdFacultad,
        e1_0.Nombre,
        a1_0.Extension,
        a1_0.FechaIncorporacion,
        a1_0.Turno,
        a1_0.IdUsuario 
    from
        administrativo a1_0 
    left join
        usuario u1_0 
            on u1_0.IdUsuario=a1_0.IdUsuario 
    left join
        escuela e1_0 
            on e1_0.IdEscuela=a1_0.Escuela 
    where
        u1_0.IdUsuario=?
Hibernate: 
    update
        usuario_auth 
    set
        CorreoU=?,
        Password=?,
        SesionExpira=?,
        SesionTipo=?,
        SesionToken=?,
        UltimoLogin=?,
        IdUsuario=? 
    where
        IdAuth=?
Hibernate: 
    select
        ua1_0.IdAuth,
        ua1_0.CorreoU,
        ua1_0.Password,
        ua1_0.SesionExpira,
        ua1_0.SesionTipo,
        ua1_0.SesionToken,
        ua1_0.UltimoLogin,
        ua1_0.IdUsuario 
    from
        usuario_auth ua1_0 
    left join
        usuario u1_0 
            on u1_0.IdUsuario=ua1_0.IdUsuario 
    where
        u1_0.IdUsuario=?
Hibernate: 
    select
        u1_0.IdUsuario,
        u1_0.Apellido,
        u1_0.Estado,
        u1_0.FechaRegistro,
        u1_0.Nombre,
        u1_0.NumDoc,
        u1_0.Rol,
        r1_0.IdRol,
        r1_0.Nombre 
    from
        usuario u1_0 
    join
        rol r1_0 
            on r1_0.IdRol=u1_0.Rol 
    where
        u1_0.IdUsuario=?
Hibernate: 
    update
        usuario_auth 
    set
        CorreoU=?,
        Password=?,
        SesionExpira=?,
        SesionTipo=?,
        SesionToken=?,
        UltimoLogin=?,
        IdUsuario=? 
    where
        IdAuth=?
Hibernate: 
    select
        ua1_0.IdAuth,
        ua1_0.CorreoU,
        ua1_0.Password,
        ua1_0.SesionExpira,
        ua1_0.SesionTipo,
        ua1_0.SesionToken,
        ua1_0.UltimoLogin,
        ua1_0.IdUsuario 
    from
        usuario_auth ua1_0 
    left join
        usuario u1_0 
            on u1_0.IdUsuario=ua1_0.IdUsuario 
    where
        upper(ua1_0.CorreoU)=upper(?) 
        or u1_0.NumDoc=?
Hibernate: 
    select
        u1_0.IdUsuario,
        u1_0.Apellido,
        u1_0.Estado,
        u1_0.FechaRegistro,
        u1_0.Nombre,
        u1_0.NumDoc,
        u1_0.Rol,
        r1_0.IdRol,
        r1_0.Nombre 
    from
        usuario u1_0 
    join
        rol r1_0 
            on r1_0.IdRol=u1_0.Rol 
    where
        u1_0.IdUsuario=?
Hibernate: 
    select
        a1_0.IdAdministrativo,
        e1_0.IdEscuela,
        e1_0.IdFacultad,
        e1_0.Nombre,
        a1_0.Extension,
        a1_0.FechaIncorporacion,
        a1_0.Turno,
        a1_0.IdUsuario 
    from
        administrativo a1_0 
    left join
        usuario u1_0 
            on u1_0.IdUsuario=a1_0.IdUsuario 
    left join
        escuela e1_0 
            on e1_0.IdEscuela=a1_0.Escuela 
    where
        u1_0.IdUsuario=?
Hibernate: 
    update
        usuario_auth 
    set
        CorreoU=?,
        Password=?,
        SesionExpira=?,
        SesionTipo=?,
        SesionToken=?,
        UltimoLogin=?,
        IdUsuario=? 
    where
        IdAuth=?
Hibernate: 
    select
        ua1_0.IdAuth,
        ua1_0.CorreoU,
        ua1_0.Password,
        ua1_0.SesionExpira,
        ua1_0.SesionTipo,
        ua1_0.SesionToken,
        ua1_0.UltimoLogin,
        ua1_0.IdUsuario 
    from
        usuario_auth ua1_0 
    left join
        usuario u1_0 
            on u1_0.IdUsuario=ua1_0.IdUsuario 
    where
        u1_0.IdUsuario=?
Hibernate: 
    select
        u1_0.IdUsuario,
        u1_0.Apellido,
        u1_0.Estado,
        u1_0.FechaRegistro,
        u1_0.Nombre,
        u1_0.NumDoc,
        u1_0.Rol,
        r1_0.IdRol,
        r1_0.Nombre 
    from
        usuario u1_0 
    join
        rol r1_0 
            on r1_0.IdRol=u1_0.Rol 
    where
        u1_0.IdUsuario=?
Hibernate: 
    update
        usuario_auth 
    set
        CorreoU=?,
        Password=?,
        SesionExpira=?,
        SesionTipo=?,
        SesionToken=?,
        UltimoLogin=?,
        IdUsuario=? 
    where
        IdAuth=?
Hibernate: 
    select
        ua1_0.IdAuth,
        ua1_0.CorreoU,
        ua1_0.Password,
        ua1_0.SesionExpira,
        ua1_0.SesionTipo,
        ua1_0.SesionToken,
        ua1_0.UltimoLogin,
        ua1_0.IdUsuario 
    from
        usuario_auth ua1_0 
    left join
        usuario u1_0 
            on u1_0.IdUsuario=ua1_0.IdUsuario 
    where
        upper(ua1_0.CorreoU)=upper(?) 
        or u1_0.NumDoc=?
Hibernate: 
    select
        u1_0.IdUsuario,
        u1_0.Apellido,
        u1_0.Estado,
        u1_0.FechaRegistro,
        u1_0.Nombre,
        u1_0.NumDoc,
        u1_0.Rol,
        r1_0.IdRol,
        r1_0.Nombre 
    from
        usuario u1_0 
    join
        rol r1_0 
            on r1_0.IdRol=u1_0.Rol 
    where
        u1_0.IdUsuario=?
Hibernate: 
    select
        e1_0.IdEstudiante,
        e1_0.Codigo,
        e1_0.Escuela,
        e2_0.IdEscuela,
        e2_0.IdFacultad,
        e2_0.Nombre,
        e1_0.IdUsuario 
    from
        estudiante e1_0 
    left join
        usuario u1_0 
            on u1_0.IdUsuario=e1_0.IdUsuario 
    join
        escuela e2_0 
            on e2_0.IdEscuela=e1_0.Escuela 
    where
        u1_0.IdUsuario=?
Hibernate: 
    update
        usuario_auth 
    set
        CorreoU=?,
        Password=?,
        SesionExpira=?,
        SesionTipo=?,
        SesionToken=?,
        UltimoLogin=?,
        IdUsuario=? 
    where
        IdAuth=?
Hibernate: 
    select
        ua1_0.IdAuth,
        ua1_0.CorreoU,
        ua1_0.Password,
        ua1_0.SesionExpira,
        ua1_0.SesionTipo,
        ua1_0.SesionToken,
        ua1_0.UltimoLogin,
        ua1_0.IdUsuario 
    from
        usuario_auth ua1_0 
    left join
        usuario u1_0 
            on u1_0.IdUsuario=ua1_0.IdUsuario 
    where
        u1_0.IdUsuario=?
Hibernate: 
    select
        u1_0.IdUsuario,
        u1_0.Apellido,
        u1_0.Estado,
        u1_0.FechaRegistro,
        u1_0.Nombre,
        u1_0.NumDoc,
        u1_0.Rol,
        r1_0.IdRol,
        r1_0.Nombre 
    from
        usuario u1_0 
    join
        rol r1_0 
            on r1_0.IdRol=u1_0.Rol 
    where
        u1_0.IdUsuario=?
Hibernate: 
    update
        usuario_auth 
    set
        CorreoU=?,
        Password=?,
        SesionExpira=?,
        SesionTipo=?,
        SesionToken=?,
        UltimoLogin=?,
        IdUsuario=? 
    where
        IdAuth=?
Hibernate: 
    select
        ua1_0.IdAuth,
        ua1_0.CorreoU,
        ua1_0.Password,
        ua1_0.SesionExpira,
        ua1_0.SesionTipo,
        ua1_0.SesionToken,
        ua1_0.UltimoLogin,
        ua1_0.IdUsuario 
    from
        usuario_auth ua1_0 
    left join
        usuario u1_0 
            on u1_0.IdUsuario=ua1_0.IdUsuario 
    where
        upper(ua1_0.CorreoU)=upper(?) 
        or u1_0.NumDoc=?
Hibernate: 
    select
        u1_0.IdUsuario,
        u1_0.Apellido,
        u1_0.Estado,
        u1_0.FechaRegistro,
        u1_0.Nombre,
        u1_0.NumDoc,
        u1_0.Rol,
        r1_0.IdRol,
        r1_0.Nombre 
    from
        usuario u1_0 
    join
        rol r1_0 
            on r1_0.IdRol=u1_0.Rol 
    where
        u1_0.IdUsuario=?
Hibernate: 
    select
        a1_0.IdAdministrativo,
        e1_0.IdEscuela,
        e1_0.IdFacultad,
        e1_0.Nombre,
        a1_0.Extension,
        a1_0.FechaIncorporacion,
        a1_0.Turno,
        a1_0.IdUsuario 
    from
        administrativo a1_0 
    left join
        usuario u1_0 
            on u1_0.IdUsuario=a1_0.IdUsuario 
    left join
        escuela e1_0 
            on e1_0.IdEscuela=a1_0.Escuela 
    where
        u1_0.IdUsuario=?
Hibernate: 
    update
        usuario_auth 
    set
        CorreoU=?,
        Password=?,
        SesionExpira=?,
        SesionTipo=?,
        SesionToken=?,
        UltimoLogin=?,
        IdUsuario=? 
    where
        IdAuth=?
Hibernate: 
    select
        ua1_0.IdAuth,
        ua1_0.CorreoU,
        ua1_0.Password,
        ua1_0.SesionExpira,
        ua1_0.SesionTipo,
        ua1_0.SesionToken,
        ua1_0.UltimoLogin,
        ua1_0.IdUsuario 
    from
        usuario_auth ua1_0 
    left join
        usuario u1_0 
            on u1_0.IdUsuario=ua1_0.IdUsuario 
    where
        u1_0.IdUsuario=?
Hibernate: 
    select
        u1_0.IdUsuario,
        u1_0.Apellido,
        u1_0.Estado,
        u1_0.FechaRegistro,
        u1_0.Nombre,
        u1_0.NumDoc,
        u1_0.Rol,
        r1_0.IdRol,
        r1_0.Nombre 
    from
        usuario u1_0 
    join
        rol r1_0 
            on r1_0.IdRol=u1_0.Rol 
    where
        u1_0.IdUsuario=?
Hibernate: 
    update
        usuario_auth 
    set
        CorreoU=?,
        Password=?,
        SesionExpira=?,
        SesionTipo=?,
        SesionToken=?,
        UltimoLogin=?,
        IdUsuario=? 
    where
        IdAuth=?
Hibernate: 
    select
        ua1_0.IdAuth,
        ua1_0.CorreoU,
        ua1_0.Password,
        ua1_0.SesionExpira,
        ua1_0.SesionTipo,
        ua1_0.SesionToken,
        ua1_0.UltimoLogin,
        ua1_0.IdUsuario 
    from
        usuario_auth ua1_0 
    left join
        usuario u1_0 
            on u1_0.IdUsuario=ua1_0.IdUsuario 
    where
        upper(ua1_0.CorreoU)=upper(?) 
        or u1_0.NumDoc=?
Hibernate: 
    select
        u1_0.IdUsuario,
        u1_0.Apellido,
        u1_0.Estado,
        u1_0.FechaRegistro,
        u1_0.Nombre,
        u1_0.NumDoc,
        u1_0.Rol,
        r1_0.IdRol,
        r1_0.Nombre 
    from
        usuario u1_0 
    join
        rol r1_0 
            on r1_0.IdRol=u1_0.Rol 
    where
        u1_0.IdUsuario=?
Hibernate: 
    select
        a1_0.IdAdministrativo,
        e1_0.IdEscuela,
        e1_0.IdFacultad,
        e1_0.Nombre,
        a1_0.Extension,
        a1_0.FechaIncorporacion,
        a1_0.Turno,
        a1_0.IdUsuario 
    from
        administrativo a1_0 
    left join
        usuario u1_0 
            on u1_0.IdUsuario=a1_0.IdUsuario 
    left join
        escuela e1_0 
            on e1_0.IdEscuela=a1_0.Escuela 
    where
        u1_0.IdUsuario=?
Hibernate: 
    update
        usuario_auth 
    set
        CorreoU=?,
        Password=?,
        SesionExpira=?,
        SesionTipo=?,
        SesionToken=?,
        UltimoLogin=?,
        IdUsuario=? 
    where
        IdAuth=?
Hibernate: 
    select
        ua1_0.IdAuth,
        ua1_0.CorreoU,
        ua1_0.Password,
        ua1_0.SesionExpira,
        ua1_0.SesionTipo,
        ua1_0.SesionToken,
        ua1_0.UltimoLogin,
        ua1_0.IdUsuario 
    from
        usuario_auth ua1_0 
    left join
        usuario u1_0 
            on u1_0.IdUsuario=ua1_0.IdUsuario 
    where
        u1_0.IdUsuario=?
Hibernate: 
    select
        u1_0.IdUsuario,
        u1_0.Apellido,
        u1_0.Estado,
        u1_0.FechaRegistro,
        u1_0.Nombre,
        u1_0.NumDoc,
        u1_0.Rol,
        r1_0.IdRol,
        r1_0.Nombre 
    from
        usuario u1_0 
    join
        rol r1_0 
            on r1_0.IdRol=u1_0.Rol 
    where
        u1_0.IdUsuario=?
Hibernate: 
    update
        usuario_auth 
    set
        CorreoU=?,
        Password=?,
        SesionExpira=?,
        SesionTipo=?,
        SesionToken=?,
        UltimoLogin=?,
        IdUsuario=? 
    where
        IdAuth=?
Hibernate: 
    select
        ua1_0.IdAuth,
        ua1_0.CorreoU,
        ua1_0.Password,
        ua1_0.SesionExpira,
        ua1_0.SesionTipo,
        ua1_0.SesionToken,
        ua1_0.UltimoLogin,
        ua1_0.IdUsuario 
    from
        usuario_auth ua1_0 
    left join
        usuario u1_0 
            on u1_0.IdUsuario=ua1_0.IdUsuario 
    where
        upper(ua1_0.CorreoU)=upper(?) 
        or u1_0.NumDoc=?
Hibernate: 
    select
        u1_0.IdUsuario,
        u1_0.Apellido,
        u1_0.Estado,
        u1_0.FechaRegistro,
        u1_0.Nombre,
        u1_0.NumDoc,
        u1_0.Rol,
        r1_0.IdRol,
        r1_0.Nombre 
    from
        usuario u1_0 
    join
        rol r1_0 
            on r1_0.IdRol=u1_0.Rol 
    where
        u1_0.IdUsuario=?
Hibernate: 
    select
        a1_0.IdAdministrativo,
        e1_0.IdEscuela,
        e1_0.IdFacultad,
        e1_0.Nombre,
        a1_0.Extension,
        a1_0.FechaIncorporacion,
        a1_0.Turno,
        a1_0.IdUsuario 
    from
        administrativo a1_0 
    left join
        usuario u1_0 
            on u1_0.IdUsuario=a1_0.IdUsuario 
    left join
        escuela e1_0 
            on e1_0.IdEscuela=a1_0.Escuela 
    where
        u1_0.IdUsuario=?
Hibernate: 
    update
        usuario_auth 
    set
        CorreoU=?,
        Password=?,
        SesionExpira=?,
        SesionTipo=?,
        SesionToken=?,
        UltimoLogin=?,
        IdUsuario=? 
    where
        IdAuth=?
Hibernate: 
    select
        ua1_0.IdAuth,
        ua1_0.CorreoU,
        ua1_0.Password,
        ua1_0.SesionExpira,
        ua1_0.SesionTipo,
        ua1_0.SesionToken,
        ua1_0.UltimoLogin,
        ua1_0.IdUsuario 
    from
        usuario_auth ua1_0 
    left join
        usuario u1_0 
            on u1_0.IdUsuario=ua1_0.IdUsuario 
    where
        upper(ua1_0.CorreoU)=upper(?) 
        or u1_0.NumDoc=?
Hibernate: 
    select
        u1_0.IdUsuario,
        u1_0.Apellido,
        u1_0.Estado,
        u1_0.FechaRegistro,
        u1_0.Nombre,
        u1_0.NumDoc,
        u1_0.Rol,
        r1_0.IdRol,
        r1_0.Nombre 
    from
        usuario u1_0 
    join
        rol r1_0 
            on r1_0.IdRol=u1_0.Rol 
    where
        u1_0.IdUsuario=?
Hibernate: 
    select
        e1_0.IdEstudiante,
        e1_0.Codigo,
        e1_0.Escuela,
        e2_0.IdEscuela,
        e2_0.IdFacultad,
        e2_0.Nombre,
        e1_0.IdUsuario 
    from
        estudiante e1_0 
    left join
        usuario u1_0 
            on u1_0.IdUsuario=e1_0.IdUsuario 
    join
        escuela e2_0 
            on e2_0.IdEscuela=e1_0.Escuela 
    where
        u1_0.IdUsuario=?
Hibernate: 
    update
        usuario_auth 
    set
        CorreoU=?,
        Password=?,
        SesionExpira=?,
        SesionTipo=?,
        SesionToken=?,
        UltimoLogin=?,
        IdUsuario=? 
    where
        IdAuth=?
Hibernate: 
    select
        ua1_0.IdAuth,
        ua1_0.CorreoU,
        ua1_0.Password,
        ua1_0.SesionExpira,
        ua1_0.SesionTipo,
        ua1_0.SesionToken,
        ua1_0.UltimoLogin,
        ua1_0.IdUsuario 
    from
        usuario_auth ua1_0 
    left join
        usuario u1_0 
            on u1_0.IdUsuario=ua1_0.IdUsuario 
    where
        u1_0.IdUsuario=?
Hibernate: 
    select
        u1_0.IdUsuario,
        u1_0.Apellido,
        u1_0.Estado,
        u1_0.FechaRegistro,
        u1_0.Nombre,
        u1_0.NumDoc,
        u1_0.Rol,
        r1_0.IdRol,
        r1_0.Nombre 
    from
        usuario u1_0 
    join
        rol r1_0 
            on r1_0.IdRol=u1_0.Rol 
    where
        u1_0.IdUsuario=?
Hibernate: 
    update
        usuario_auth 
    set
        CorreoU=?,
        Password=?,
        SesionExpira=?,
        SesionTipo=?,
        SesionToken=?,
        UltimoLogin=?,
        IdUsuario=? 
    where
        IdAuth=?
Hibernate: 
    select
        ua1_0.IdAuth,
        ua1_0.CorreoU,
        ua1_0.Password,
        ua1_0.SesionExpira,
        ua1_0.SesionTipo,
        ua1_0.SesionToken,
        ua1_0.UltimoLogin,
        ua1_0.IdUsuario 
    from
        usuario_auth ua1_0 
    left join
        usuario u1_0 
            on u1_0.IdUsuario=ua1_0.IdUsuario 
    where
        upper(ua1_0.CorreoU)=upper(?) 
        or u1_0.NumDoc=?
Hibernate: 
    select
        u1_0.IdUsuario,
        u1_0.Apellido,
        u1_0.Estado,
        u1_0.FechaRegistro,
        u1_0.Nombre,
        u1_0.NumDoc,
        u1_0.Rol,
        r1_0.IdRol,
        r1_0.Nombre 
    from
        usuario u1_0 
    join
        rol r1_0 
            on r1_0.IdRol=u1_0.Rol 
    where
        u1_0.IdUsuario=?
Hibernate: 
    update
        usuario_auth 
    set
        CorreoU=?,
        Password=?,
        SesionExpira=?,
        SesionTipo=?,
        SesionToken=?,
        UltimoLogin=?,
        IdUsuario=? 
    where
        IdAuth=?
Hibernate: 
    select
        ua1_0.IdAuth,
        ua1_0.CorreoU,
        ua1_0.Password,
        ua1_0.SesionExpira,
        ua1_0.SesionTipo,
        ua1_0.SesionToken,
        ua1_0.UltimoLogin,
        ua1_0.IdUsuario 
    from
        usuario_auth ua1_0 
    left join
        usuario u1_0 
            on u1_0.IdUsuario=ua1_0.IdUsuario 
    where
        u1_0.IdUsuario=?
Hibernate: 
    select
        u1_0.IdUsuario,
        u1_0.Apellido,
        u1_0.Estado,
        u1_0.FechaRegistro,
        u1_0.Nombre,
        u1_0.NumDoc,
        u1_0.Rol,
        r1_0.IdRol,
        r1_0.Nombre 
    from
        usuario u1_0 
    join
        rol r1_0 
            on r1_0.IdRol=u1_0.Rol 
    where
        u1_0.IdUsuario=?
Hibernate: 
    update
        usuario_auth 
    set
        CorreoU=?,
        Password=?,
        SesionExpira=?,
        SesionTipo=?,
        SesionToken=?,
        UltimoLogin=?,
        IdUsuario=? 
    where
        IdAuth=?
Hibernate: 
    select
        ua1_0.IdAuth,
        ua1_0.CorreoU,
        ua1_0.Password,
        ua1_0.SesionExpira,
        ua1_0.SesionTipo,
        ua1_0.SesionToken,
        ua1_0.UltimoLogin,
        ua1_0.IdUsuario 
    from
        usuario_auth ua1_0 
    left join
        usuario u1_0 
            on u1_0.IdUsuario=ua1_0.IdUsuario 
    where
        upper(ua1_0.CorreoU)=upper(?) 
        or u1_0.NumDoc=?
Hibernate: 
    select
        u1_0.IdUsuario,
        u1_0.Apellido,
        u1_0.Estado,
        u1_0.FechaRegistro,
        u1_0.Nombre,
        u1_0.NumDoc,
        u1_0.Rol,
        r1_0.IdRol,
        r1_0.Nombre 
    from
        usuario u1_0 
    join
        rol r1_0 
            on r1_0.IdRol=u1_0.Rol 
    where
        u1_0.IdUsuario=?
Hibernate: 
    select
        e1_0.IdEstudiante,
        e1_0.Codigo,
        e1_0.Escuela,
        e2_0.IdEscuela,
        e2_0.IdFacultad,
        e2_0.Nombre,
        e1_0.IdUsuario 
    from
        estudiante e1_0 
    left join
        usuario u1_0 
            on u1_0.IdUsuario=e1_0.IdUsuario 
    join
        escuela e2_0 
            on e2_0.IdEscuela=e1_0.Escuela 
    where
        u1_0.IdUsuario=?
Hibernate: 
    update
        usuario_auth 
    set
        CorreoU=?,
        Password=?,
        SesionExpira=?,
        SesionTipo=?,
        SesionToken=?,
        UltimoLogin=?,
        IdUsuario=? 
    where
        IdAuth=?
2025-11-26T19:42:32.230-05:00  INFO 17552 --- [ionShutdownHook] o.s.b.w.e.tomcat.GracefulShutdown        : Commencing graceful shutdown. Waiting for active requests to complete
2025-11-26T19:42:32.260-05:00  INFO 17552 --- [tomcat-shutdown] o.s.b.w.e.tomcat.GracefulShutdown        : Graceful shutdown complete
2025-11-26T19:42:32.280-05:00  INFO 17552 --- [ionShutdownHook] j.LocalContainerEntityManagerFactoryBean : Closing JPA EntityManagerFactory for persistence unit 'default'
2025-11-26T19:42:32.312-05:00  INFO 17552 --- [ionShutdownHook] com.zaxxer.hikari.HikariDataSource       : HikariPool-1 - Shutdown initiated...
2025-11-26T19:42:32.333-05:00  INFO 17552 --- [ionShutdownHook] com.zaxxer.hikari.HikariDataSource       : HikariPool-1 - Shutdown completed.
