[INFO] Scanning for projects...
[INFO] 
[INFO] ---------------< com.horariocurso:horariocurso-backend >----------------
[INFO] Building horariocurso-backend 0.0.1-SNAPSHOT
[INFO]   from pom.xml
[INFO] --------------------------------[ jar ]---------------------------------
[INFO] 
[INFO] >>> spring-boot:3.5.7:run (default-cli) > test-compile @ horariocurso-backend >>>
[INFO] 
[INFO] --- resources:3.3.1:resources (default-resources) @ horariocurso-backend ---
[INFO] Copying 1 resource from src\main\resources to target\classes
[INFO] Copying 0 resource from src\main\resources to target\classes
[INFO] 
[INFO] --- compiler:3.14.1:compile (default-compile) @ horariocurso-backend ---
[INFO] Recompiling the module because of changed source code.
[INFO] Compiling 18 source files with javac [debug parameters release 21] to target\classes
[INFO] 
[INFO] --- resources:3.3.1:testResources (default-testResources) @ horariocurso-backend ---
[INFO] skip non existing resourceDirectory C:\Users\Razse\Downloads\asda\IntegraUPT\IntegraUPT\Integraupt-Backend\BackendHorariosCurso\src\test\resources
[INFO] 
[INFO] --- compiler:3.14.1:testCompile (default-testCompile) @ horariocurso-backend ---
[INFO] Recompiling the module because of changed dependency.
[INFO] Compiling 1 source file with javac [debug parameters release 21] to target\test-classes
[INFO] 
[INFO] <<< spring-boot:3.5.7:run (default-cli) < test-compile @ horariocurso-backend <<<
[INFO] 
[INFO] 
[INFO] --- spring-boot:3.5.7:run (default-cli) @ horariocurso-backend ---
[INFO] Attaching agents: []

  .   ____          _            __ _ _
 /\\ / ___'_ __ _ _(_)_ __  __ _ \ \ \ \
( ( )\___ | '_ | '_| | '_ \/ _` | \ \ \ \
 \\/  ___)| |_)| | | | | || (_| |  ) ) ) )
  '  |____| .__|_| |_|_| |_\__, | / / / /
 =========|_|==============|___/=/_/_/_/

 :: Spring Boot ::                (v3.5.7)

2025-11-26T18:46:32.615-05:00  INFO 10304 --- [horariocurso-backend] [  restartedMain] c.h.HorariocursoBackendApplication       : Starting HorariocursoBackendApplication using Java 21.0.8 with PID 10304 (C:\Users\Razse\Downloads\asda\IntegraUPT\IntegraUPT\Integraupt-Backend\BackendHorariosCurso\target\classes started by Razse in C:\Users\Razse\Downloads\asda\IntegraUPT\IntegraUPT\Integraupt-Backend\BackendHorariosCurso)
2025-11-26T18:46:32.620-05:00  INFO 10304 --- [horariocurso-backend] [  restartedMain] c.h.HorariocursoBackendApplication       : No active profile set, falling back to 1 default profile: "default"
2025-11-26T18:46:32.709-05:00  INFO 10304 --- [horariocurso-backend] [  restartedMain] .e.DevToolsPropertyDefaultsPostProcessor : Devtools property defaults active! Set 'spring.devtools.add-properties' to 'false' to disable
2025-11-26T18:46:32.709-05:00  INFO 10304 --- [horariocurso-backend] [  restartedMain] .e.DevToolsPropertyDefaultsPostProcessor : For additional web related logging consider setting the 'logging.level.web' property to 'DEBUG'
2025-11-26T18:46:34.171-05:00  INFO 10304 --- [horariocurso-backend] [  restartedMain] .s.d.r.c.RepositoryConfigurationDelegate : Bootstrapping Spring Data JPA repositories in DEFAULT mode.
2025-11-26T18:46:34.271-05:00  INFO 10304 --- [horariocurso-backend] [  restartedMain] .s.d.r.c.RepositoryConfigurationDelegate : Finished Spring Data repository scanning in 84 ms. Found 1 JPA repository interface.
2025-11-26T18:46:35.227-05:00  INFO 10304 --- [horariocurso-backend] [  restartedMain] o.s.b.w.embedded.tomcat.TomcatWebServer  : Tomcat initialized with port 8083 (http)
2025-11-26T18:46:35.255-05:00  INFO 10304 --- [horariocurso-backend] [  restartedMain] o.apache.catalina.core.StandardService   : Starting service [Tomcat]
2025-11-26T18:46:35.256-05:00  INFO 10304 --- [horariocurso-backend] [  restartedMain] o.apache.catalina.core.StandardEngine    : Starting Servlet engine: [Apache Tomcat/10.1.48]
2025-11-26T18:46:35.327-05:00  INFO 10304 --- [horariocurso-backend] [  restartedMain] o.a.c.c.C.[Tomcat].[localhost].[/]       : Initializing Spring embedded WebApplicationContext
2025-11-26T18:46:35.328-05:00  INFO 10304 --- [horariocurso-backend] [  restartedMain] w.s.c.ServletWebServerApplicationContext : Root WebApplicationContext: initialization completed in 2617 ms
2025-11-26T18:46:35.574-05:00  INFO 10304 --- [horariocurso-backend] [  restartedMain] o.hibernate.jpa.internal.util.LogHelper  : HHH000204: Processing PersistenceUnitInfo [name: default]
2025-11-26T18:46:35.644-05:00  INFO 10304 --- [horariocurso-backend] [  restartedMain] org.hibernate.Version                    : HHH000412: Hibernate ORM core version 6.6.33.Final
2025-11-26T18:46:35.687-05:00  INFO 10304 --- [horariocurso-backend] [  restartedMain] o.h.c.internal.RegionFactoryInitiator    : HHH000026: Second-level cache disabled
2025-11-26T18:46:36.031-05:00  INFO 10304 --- [horariocurso-backend] [  restartedMain] o.s.o.j.p.SpringPersistenceUnitInfo      : No LoadTimeWeaver setup: ignoring JPA class transformer
2025-11-26T18:46:36.075-05:00  INFO 10304 --- [horariocurso-backend] [  restartedMain] com.zaxxer.hikari.HikariDataSource       : HikariPool-1 - Starting...
2025-11-26T18:46:36.327-05:00  INFO 10304 --- [horariocurso-backend] [  restartedMain] com.zaxxer.hikari.pool.HikariPool        : HikariPool-1 - Added connection com.mysql.cj.jdbc.ConnectionImpl@47aa782c
2025-11-26T18:46:36.329-05:00  INFO 10304 --- [horariocurso-backend] [  restartedMain] com.zaxxer.hikari.HikariDataSource       : HikariPool-1 - Start completed.
2025-11-26T18:46:36.390-05:00  WARN 10304 --- [horariocurso-backend] [  restartedMain] org.hibernate.dialect.Dialect            : HHH000511: The 5.5.5 version for [org.hibernate.dialect.MySQLDialect] is no longer supported, hence certain features may not work properly. The minimum supported version is 8.0.0. Check the community dialects project for available legacy versions.
2025-11-26T18:46:36.395-05:00  WARN 10304 --- [horariocurso-backend] [  restartedMain] org.hibernate.orm.deprecation            : HHH90000025: MySQLDialect does not need to be specified explicitly using 'hibernate.dialect' (remove the property setting and it will be selected by default)
2025-11-26T18:46:36.424-05:00  INFO 10304 --- [horariocurso-backend] [  restartedMain] org.hibernate.orm.connections.pooling    : HHH10001005: Database info:
	Database JDBC URL [Connecting through datasource 'HikariDataSource (HikariPool-1)']
	Database driver: undefined/unknown
	Database version: 5.5.5
	Autocommit mode: undefined/unknown
	Isolation level: undefined/unknown
	Minimum pool size: undefined/unknown
	Maximum pool size: undefined/unknown
2025-11-26T18:46:37.712-05:00  INFO 10304 --- [horariocurso-backend] [  restartedMain] o.h.e.t.j.p.i.JtaPlatformInitiator       : HHH000489: No JTA platform available (set 'hibernate.transaction.jta.platform' to enable JTA platform integration)
2025-11-26T18:46:37.718-05:00  INFO 10304 --- [horariocurso-backend] [  restartedMain] j.LocalContainerEntityManagerFactoryBean : Initialized JPA EntityManagerFactory for persistence unit 'default'
2025-11-26T18:46:38.260-05:00  INFO 10304 --- [horariocurso-backend] [  restartedMain] o.s.d.j.r.query.QueryEnhancerFactory     : Hibernate is in classpath; If applicable, HQL parser will be used.
2025-11-26T18:46:38.692-05:00  WARN 10304 --- [horariocurso-backend] [  restartedMain] ion$DefaultTemplateResolverConfiguration : Cannot find template location: classpath:/templates/ (please add some templates, check your Thymeleaf configuration, or set spring.thymeleaf.check-template-location=false)
2025-11-26T18:46:38.830-05:00  WARN 10304 --- [horariocurso-backend] [  restartedMain] o.s.b.d.a.OptionalLiveReloadServer       : Unable to start LiveReload server
2025-11-26T18:46:38.873-05:00  INFO 10304 --- [horariocurso-backend] [  restartedMain] o.s.b.w.embedded.tomcat.TomcatWebServer  : Tomcat started on port 8083 (http) with context path '/'
2025-11-26T18:46:38.884-05:00  INFO 10304 --- [horariocurso-backend] [  restartedMain] c.h.HorariocursoBackendApplication       : Started HorariocursoBackendApplication in 7.07 seconds (process running for 7.95)
2025-11-26T18:48:41.816-05:00  INFO 10304 --- [horariocurso-backend] [nio-8083-exec-1] o.a.c.c.C.[Tomcat].[localhost].[/]       : Initializing Spring DispatcherServlet 'dispatcherServlet'
2025-11-26T18:48:41.816-05:00  INFO 10304 --- [horariocurso-backend] [nio-8083-exec-1] o.s.web.servlet.DispatcherServlet        : Initializing Servlet 'dispatcherServlet'
2025-11-26T18:48:41.817-05:00  INFO 10304 --- [horariocurso-backend] [nio-8083-exec-1] o.s.web.servlet.DispatcherServlet        : Completed initialization in 1 ms
Hibernate: SELECT hc.IdHorarioCurso      AS idHorarioCurso,
       hc.Curso               AS curso,
       hc.Docente             AS docente,
       hc.Espacio             AS espacio,
       hc.Bloque              AS bloque,
       hc.DiaSemana           AS diaSemana,
       hc.FechaInicio         AS fechaInicio,
       hc.FechaFin            AS fechaFin,
       hc.Estado              AS estado,
       c.Nombre               AS nombreCurso,
       CONCAT(u.Nombre, ' ', u.Apellido) AS nombreDocente,
       e.Nombre               AS nombreEspacio,
       e.Codigo               AS codigoEspacio,
       b.Nombre               AS nombreBloque,
       DATE_FORMAT(b.HoraInicio, '%H:%i') AS horaInicio,
       DATE_FORMAT(b.HoraFinal, '%H:%i') AS horaFinal
FROM horario_curso hc
LEFT JOIN cursos c ON c.IdCurso = hc.Curso
LEFT JOIN usuario u ON u.IdUsuario = hc.Docente
LEFT JOIN espacio e ON e.IdEspacio = hc.Espacio
LEFT JOIN bloqueshorarios b ON b.IdBloque = hc.Bloque
ORDER BY hc.IdHorarioCurso DESC

Hibernate: SELECT hc.IdHorarioCurso      AS idHorarioCurso,
       hc.Curso               AS curso,
       hc.Docente             AS docente,
       hc.Espacio             AS espacio,
       hc.Bloque              AS bloque,
       hc.DiaSemana           AS diaSemana,
       hc.FechaInicio         AS fechaInicio,
       hc.FechaFin            AS fechaFin,
       hc.Estado              AS estado,
       c.Nombre               AS nombreCurso,
       CONCAT(u.Nombre, ' ', u.Apellido) AS nombreDocente,
       e.Nombre               AS nombreEspacio,
       e.Codigo               AS codigoEspacio,
       b.Nombre               AS nombreBloque,
       DATE_FORMAT(b.HoraInicio, '%H:%i') AS horaInicio,
       DATE_FORMAT(b.HoraFinal, '%H:%i') AS horaFinal
FROM horario_curso hc
LEFT JOIN cursos c ON c.IdCurso = hc.Curso
LEFT JOIN usuario u ON u.IdUsuario = hc.Docente
LEFT JOIN espacio e ON e.IdEspacio = hc.Espacio
LEFT JOIN bloqueshorarios b ON b.IdBloque = hc.Bloque
ORDER BY hc.IdHorarioCurso DESC

2025-11-26T19:17:33.083-05:00  WARN 10304 --- [horariocurso-backend] [l-1:housekeeper] com.zaxxer.hikari.pool.HikariPool        : HikariPool-1 - Thread starvation or clock leap detected (housekeeper delta=1m56s189ms146µs500ns).
Hibernate: SELECT hc.IdHorarioCurso      AS idHorarioCurso,
       hc.Curso               AS curso,
       hc.Docente             AS docente,
       hc.Espacio             AS espacio,
       hc.Bloque              AS bloque,
       hc.DiaSemana           AS diaSemana,
       hc.FechaInicio         AS fechaInicio,
       hc.FechaFin            AS fechaFin,
       hc.Estado              AS estado,
       c.Nombre               AS nombreCurso,
       CONCAT(u.Nombre, ' ', u.Apellido) AS nombreDocente,
       e.Nombre               AS nombreEspacio,
       e.Codigo               AS codigoEspacio,
       b.Nombre               AS nombreBloque,
       DATE_FORMAT(b.HoraInicio, '%H:%i') AS horaInicio,
       DATE_FORMAT(b.HoraFinal, '%H:%i') AS horaFinal
FROM horario_curso hc
LEFT JOIN cursos c ON c.IdCurso = hc.Curso
LEFT JOIN usuario u ON u.IdUsuario = hc.Docente
LEFT JOIN espacio e ON e.IdEspacio = hc.Espacio
LEFT JOIN bloqueshorarios b ON b.IdBloque = hc.Bloque
ORDER BY hc.IdHorarioCurso DESC

Hibernate: SELECT hc.IdHorarioCurso      AS idHorarioCurso,
       hc.Curso               AS curso,
       hc.Docente             AS docente,
       hc.Espacio             AS espacio,
       hc.Bloque              AS bloque,
       hc.DiaSemana           AS diaSemana,
       hc.FechaInicio         AS fechaInicio,
       hc.FechaFin            AS fechaFin,
       hc.Estado              AS estado,
       c.Nombre               AS nombreCurso,
       CONCAT(u.Nombre, ' ', u.Apellido) AS nombreDocente,
       e.Nombre               AS nombreEspacio,
       e.Codigo               AS codigoEspacio,
       b.Nombre               AS nombreBloque,
       DATE_FORMAT(b.HoraInicio, '%H:%i') AS horaInicio,
       DATE_FORMAT(b.HoraFinal, '%H:%i') AS horaFinal
FROM horario_curso hc
LEFT JOIN cursos c ON c.IdCurso = hc.Curso
LEFT JOIN usuario u ON u.IdUsuario = hc.Docente
LEFT JOIN espacio e ON e.IdEspacio = hc.Espacio
LEFT JOIN bloqueshorarios b ON b.IdBloque = hc.Bloque
ORDER BY hc.IdHorarioCurso DESC

Hibernate: insert into horario_curso (Bloque,Curso,DiaSemana,Docente,Espacio,Estado,FechaFin,FechaInicio) values (?,?,?,?,?,?,?,?)
Hibernate: SELECT hc.IdHorarioCurso      AS idHorarioCurso,
       hc.Curso               AS curso,
       hc.Docente             AS docente,
       hc.Espacio             AS espacio,
       hc.Bloque              AS bloque,
       hc.DiaSemana           AS diaSemana,
       hc.FechaInicio         AS fechaInicio,
       hc.FechaFin            AS fechaFin,
       hc.Estado              AS estado,
       c.Nombre               AS nombreCurso,
       CONCAT(u.Nombre, ' ', u.Apellido) AS nombreDocente,
       e.Nombre               AS nombreEspacio,
       e.Codigo               AS codigoEspacio,
       b.Nombre               AS nombreBloque,
       DATE_FORMAT(b.HoraInicio, '%H:%i') AS horaInicio,
       DATE_FORMAT(b.HoraFinal, '%H:%i') AS horaFinal
FROM horario_curso hc
LEFT JOIN cursos c ON c.IdCurso = hc.Curso
LEFT JOIN usuario u ON u.IdUsuario = hc.Docente
LEFT JOIN espacio e ON e.IdEspacio = hc.Espacio
LEFT JOIN bloqueshorarios b ON b.IdBloque = hc.Bloque
WHERE hc.IdHorarioCurso = ?

2025-11-26T19:42:32.223-05:00  INFO 10304 --- [horariocurso-backend] [ionShutdownHook] o.s.b.w.e.tomcat.GracefulShutdown        : Commencing graceful shutdown. Waiting for active requests to complete
2025-11-26T19:42:32.247-05:00  INFO 10304 --- [horariocurso-backend] [tomcat-shutdown] o.s.b.w.e.tomcat.GracefulShutdown        : Graceful shutdown complete
2025-11-26T19:42:32.263-05:00  INFO 10304 --- [horariocurso-backend] [ionShutdownHook] j.LocalContainerEntityManagerFactoryBean : Closing JPA EntityManagerFactory for persistence unit 'default'
2025-11-26T19:42:32.295-05:00  INFO 10304 --- [horariocurso-backend] [ionShutdownHook] com.zaxxer.hikari.HikariDataSource       : HikariPool-1 - Shutdown initiated...
2025-11-26T19:42:32.327-05:00  INFO 10304 --- [horariocurso-backend] [ionShutdownHook] com.zaxxer.hikari.HikariDataSource       : HikariPool-1 - Shutdown completed.
