[2026-05-31 22:59:14] local.ERROR: Attempt to read property "HoraInicio" on int {"exception":"[object] (ErrorException(code: 0): Attempt to read property \"HoraInicio\" on int at D:/GITHUB/integraupt-web/Integraupt-Backend/backend-horarios-laravel/app/Services/HorarioService.php:227)
[stacktrace]
#0 D:/GITHUB/integraupt-web/Integraupt-Backend/backend-horarios-laravel/vendor/laravel/framework/src/Illuminate/Foundation/Bootstrap/HandleExceptions.php(258): Illuminate/Foundation/Bootstrap/HandleExceptions->handleError(2, 'Attempt to read...', 'D://GITHUB//integ...', 227)
#1 D:/GITHUB/integraupt-web/Integraupt-Backend/backend-horarios-laravel/app/Services/HorarioService.php(227): Illuminate/Foundation/Bootstrap/HandleExceptions->Illuminate/Foundation/Bootstrap/{closure}(2, 'Attempt to read...', 'D://GITHUB//integ...', 227)
#2 D:/GITHUB/integraupt-web/Integraupt-Backend/backend-horarios-laravel/app/Services/HorarioService.php(25): App/Services/HorarioService->mapToResponse(Object(App/Models/Horario))
#3 [internal function]: App/Services/HorarioService->App/Services/{closure}(Object(App/Models/Horario), 0)
#4 D:/GITHUB/integraupt-web/Integraupt-Backend/backend-horarios-laravel/vendor/laravel/framework/src/Illuminate/Collections/Arr.php(609): array_map(Object(Closure), Array, Array)
#5 D:/GITHUB/integraupt-web/Integraupt-Backend/backend-horarios-laravel/vendor/laravel/framework/src/Illuminate/Collections/Collection.php(799): Illuminate/Support/Arr::map(Array, Object(Closure))
#6 D:/GITHUB/integraupt-web/Integraupt-Backend/backend-horarios-laravel/vendor/laravel/framework/src/Illuminate/Database/Eloquent/Collection.php(388): Illuminate/Support/Collection->map(Object(Closure))
#7 D:/GITHUB/integraupt-web/Integraupt-Backend/backend-horarios-laravel/app/Services/HorarioService.php(25): Illuminate/Database/Eloquent/Collection->map(Object(Closure))
#8 D:/GITHUB/integraupt-web/Integraupt-Backend/backend-horarios-laravel/app/Http/Controllers/Api/HorarioController.php(39): App/Services/HorarioService->listarTodos()
#9 D:/GITHUB/integraupt-web/Integraupt-Backend/backend-horarios-laravel/vendor/laravel/framework/src/Illuminate/Routing/Controller.php(54): App/Http/Controllers/Api/HorarioController->index()
#10 D:/GITHUB/integraupt-web/Integraupt-Backend/backend-horarios-laravel/vendor/laravel/framework/src/Illuminate/Routing/ControllerDispatcher.php(44): Illuminate/Routing/Controller->callAction('index', Array)
#11 D:/GITHUB/integraupt-web/Integraupt-Backend/backend-horarios-laravel/vendor/laravel/framework/src/Illuminate/Routing/Route.php(266): Illuminate/Routing/ControllerDispatcher->dispatch(Object(Illuminate/Routing/Route), Object(App/Http/Controllers/Api/HorarioController), 'index')
#12 D:/GITHUB/integraupt-web/Integraupt-Backend/backend-horarios-laravel/vendor/laravel/framework/src/Illuminate/Routing/Route.php(212): Illuminate/Routing/Route->runController()
#13 D:/GITHUB/integraupt-web/Integraupt-Backend/backend-horarios-laravel/vendor/laravel/framework/src/Illuminate/Routing/Router.php(808): Illuminate/Routing/Route->run()
#14 D:/GITHUB/integraupt-web/Integraupt-Backend/backend-horarios-laravel/vendor/laravel/framework/src/Illuminate/Pipeline/Pipeline.php(170): Illuminate/Routing/Router->Illuminate/Routing/{closure}(Object(Illuminate/Http/Request))
#15 D:/GITHUB/integraupt-web/Integraupt-Backend/backend-horarios-laravel/vendor/laravel/framework/src/Illuminate/Routing/Middleware/SubstituteBindings.php(51): Illuminate/Pipeline/Pipeline->Illuminate/Pipeline/{closure}(Object(Illuminate/Http/Request))
#16 D:/GITHUB/integraupt-web/Integraupt-Backend/backend-horarios-laravel/vendor/laravel/framework/src/Illuminate/Pipeline/Pipeline.php(209): Illuminate/Routing/Middleware/SubstituteBindings->handle(Object(Illuminate/Http/Request), Object(Closure))
#17 D:/GITHUB/integraupt-web/Integraupt-Backend/backend-horarios-laravel/vendor/laravel/framework/src/Illuminate/Pipeline/Pipeline.php(127): Illuminate/Pipeline/Pipeline->Illuminate/Pipeline/{closure}(Object(Illuminate/Http/Request))
#18 D:/GITHUB/integraupt-web/Integraupt-Backend/backend-horarios-laravel/vendor/laravel/framework/src/Illuminate/Routing/Router.php(807): Illuminate/Pipeline/Pipeline->then(Object(Closure))
#19 D:/GITHUB/integraupt-web/Integraupt-Backend/backend-horarios-laravel/vendor/laravel/framework/src/Illuminate/Routing/Router.php(786): Illuminate/Routing/Router->runRouteWithinStack(Object(Illuminate/Routing/Route), Object(Illuminate/Http/Request))
#20 D:/GITHUB/integraupt-web/Integraupt-Backend/backend-horarios-laravel/vendor/laravel/framework/src/Illuminate/Routing/Router.php(750): Illuminate/Routing/Router->runRoute(Object(Illuminate/Http/Request), Object(Illuminate/Routing/Route))
#21 D:/GITHUB/integraupt-web/Integraupt-Backend/backend-horarios-laravel/vendor/laravel/framework/src/Illuminate/Routing/Router.php(739): Illuminate/Routing/Router->dispatchToRoute(Object(Illuminate/Http/Request))
#22 D:/GITHUB/integraupt-web/Integraupt-Backend/backend-horarios-laravel/vendor/laravel/framework/src/Illuminate/Foundation/Http/Kernel.php(201): Illuminate/Routing/Router->dispatch(Object(Illuminate/Http/Request))
#23 D:/GITHUB/integraupt-web/Integraupt-Backend/backend-horarios-laravel/vendor/laravel/framework/src/Illuminate/Pipeline/Pipeline.php(170): Illuminate/Foundation/Http/Kernel->Illuminate/Foundation/Http/{closure}(Object(Illuminate/Http/Request))
#24 D:/GITHUB/integraupt-web/Integraupt-Backend/backend-horarios-laravel/vendor/laravel/framework/src/Illuminate/Foundation/Http/Middleware/TransformsRequest.php(21): Illuminate/Pipeline/Pipeline->Illuminate/Pipeline/{closure}(Object(Illuminate/Http/Request))
#25 D:/GITHUB/integraupt-web/Integraupt-Backend/backend-horarios-laravel/vendor/laravel/framework/src/Illuminate/Foundation/Http/Middleware/ConvertEmptyStringsToNull.php(31): Illuminate/Foundation/Http/Middleware/TransformsRequest->handle(Object(Illuminate/Http/Request), Object(Closure))
#26 D:/GITHUB/integraupt-web/Integraupt-Backend/backend-horarios-laravel/vendor/laravel/framework/src/Illuminate/Pipeline/Pipeline.php(209): Illuminate/Foundation/Http/Middleware/ConvertEmptyStringsToNull->handle(Object(Illuminate/Http/Request), Object(Closure))
#27 D:/GITHUB/integraupt-web/Integraupt-Backend/backend-horarios-laravel/vendor/laravel/framework/src/Illuminate/Foundation/Http/Middleware/TransformsRequest.php(21): Illuminate/Pipeline/Pipeline->Illuminate/Pipeline/{closure}(Object(Illuminate/Http/Request))
#28 D:/GITHUB/integraupt-web/Integraupt-Backend/backend-horarios-laravel/vendor/laravel/framework/src/Illuminate/Foundation/Http/Middleware/TrimStrings.php(51): Illuminate/Foundation/Http/Middleware/TransformsRequest->handle(Object(Illuminate/Http/Request), Object(Closure))
#29 D:/GITHUB/integraupt-web/Integraupt-Backend/backend-horarios-laravel/vendor/laravel/framework/src/Illuminate/Pipeline/Pipeline.php(209): Illuminate/Foundation/Http/Middleware/TrimStrings->handle(Object(Illuminate/Http/Request), Object(Closure))
#30 D:/GITHUB/integraupt-web/Integraupt-Backend/backend-horarios-laravel/vendor/laravel/framework/src/Illuminate/Http/Middleware/ValidatePostSize.php(27): Illuminate/Pipeline/Pipeline->Illuminate/Pipeline/{closure}(Object(Illuminate/Http/Request))
#31 D:/GITHUB/integraupt-web/Integraupt-Backend/backend-horarios-laravel/vendor/laravel/framework/src/Illuminate/Pipeline/Pipeline.php(209): Illuminate/Http/Middleware/ValidatePostSize->handle(Object(Illuminate/Http/Request), Object(Closure))
#32 D:/GITHUB/integraupt-web/Integraupt-Backend/backend-horarios-laravel/vendor/laravel/framework/src/Illuminate/Foundation/Http/Middleware/PreventRequestsDuringMaintenance.php(110): Illuminate/Pipeline/Pipeline->Illuminate/Pipeline/{closure}(Object(Illuminate/Http/Request))
#33 D:/GITHUB/integraupt-web/Integraupt-Backend/backend-horarios-laravel/vendor/laravel/framework/src/Illuminate/Pipeline/Pipeline.php(209): Illuminate/Foundation/Http/Middleware/PreventRequestsDuringMaintenance->handle(Object(Illuminate/Http/Request), Object(Closure))
#34 D:/GITHUB/integraupt-web/Integraupt-Backend/backend-horarios-laravel/vendor/laravel/framework/src/Illuminate/Http/Middleware/HandleCors.php(62): Illuminate/Pipeline/Pipeline->Illuminate/Pipeline/{closure}(Object(Illuminate/Http/Request))
#35 D:/GITHUB/integraupt-web/Integraupt-Backend/backend-horarios-laravel/vendor/laravel/framework/src/Illuminate/Pipeline/Pipeline.php(209): Illuminate/Http/Middleware/HandleCors->handle(Object(Illuminate/Http/Request), Object(Closure))
#36 D:/GITHUB/integraupt-web/Integraupt-Backend/backend-horarios-laravel/vendor/laravel/framework/src/Illuminate/Http/Middleware/TrustProxies.php(58): Illuminate/Pipeline/Pipeline->Illuminate/Pipeline/{closure}(Object(Illuminate/Http/Request))
#37 D:/GITHUB/integraupt-web/Integraupt-Backend/backend-horarios-laravel/vendor/laravel/framework/src/Illuminate/Pipeline/Pipeline.php(209): Illuminate/Http/Middleware/TrustProxies->handle(Object(Illuminate/Http/Request), Object(Closure))
#38 D:/GITHUB/integraupt-web/Integraupt-Backend/backend-horarios-laravel/vendor/laravel/framework/src/Illuminate/Foundation/Http/Middleware/InvokeDeferredCallbacks.php(22): Illuminate/Pipeline/Pipeline->Illuminate/Pipeline/{closure}(Object(Illuminate/Http/Request))
#39 D:/GITHUB/integraupt-web/Integraupt-Backend/backend-horarios-laravel/vendor/laravel/framework/src/Illuminate/Pipeline/Pipeline.php(209): Illuminate/Foundation/Http/Middleware/InvokeDeferredCallbacks->handle(Object(Illuminate/Http/Request), Object(Closure))
#40 D:/GITHUB/integraupt-web/Integraupt-Backend/backend-horarios-laravel/vendor/laravel/framework/src/Illuminate/Pipeline/Pipeline.php(127): Illuminate/Pipeline/Pipeline->Illuminate/Pipeline/{closure}(Object(Illuminate/Http/Request))
#41 D:/GITHUB/integraupt-web/Integraupt-Backend/backend-horarios-laravel/vendor/laravel/framework/src/Illuminate/Foundation/Http/Kernel.php(176): Illuminate/Pipeline/Pipeline->then(Object(Closure))
#42 D:/GITHUB/integraupt-web/Integraupt-Backend/backend-horarios-laravel/vendor/laravel/framework/src/Illuminate/Foundation/Http/Kernel.php(145): Illuminate/Foundation/Http/Kernel->sendRequestThroughRouter(Object(Illuminate/Http/Request))
#43 D:/GITHUB/integraupt-web/Integraupt-Backend/backend-horarios-laravel/vendor/laravel/framework/src/Illuminate/Foundation/Application.php(1220): Illuminate/Foundation/Http/Kernel->handle(Object(Illuminate/Http/Request))
#44 D:/GITHUB/integraupt-web/Integraupt-Backend/backend-horarios-laravel/public/index.php(20): Illuminate/Foundation/Application->handleRequest(Object(Illuminate/Http/Request))
#45 D:/GITHUB/integraupt-web/Integraupt-Backend/backend-horarios-laravel/vendor/laravel/framework/src/Illuminate/Foundation/resources/server.php(23): require_once('D://GITHUB//integ...')
#46 {main}
"} 
[2026-05-31 22:59:27] local.ERROR: Attempt to read property "HoraInicio" on int {"exception":"[object] (ErrorException(code: 0): Attempt to read property \"HoraInicio\" on int at D:/GITHUB/integraupt-web/Integraupt-Backend/backend-horarios-laravel/app/Services/HorarioService.php:227)
[stacktrace]
#0 D:/GITHUB/integraupt-web/Integraupt-Backend/backend-horarios-laravel/vendor/laravel/framework/src/Illuminate/Foundation/Bootstrap/HandleExceptions.php(258): Illuminate/Foundation/Bootstrap/HandleExceptions->handleError(2, 'Attempt to read...', 'D://GITHUB//integ...', 227)
#1 D:/GITHUB/integraupt-web/Integraupt-Backend/backend-horarios-laravel/app/Services/HorarioService.php(227): Illuminate/Foundation/Bootstrap/HandleExceptions->Illuminate/Foundation/Bootstrap/{closure}(2, 'Attempt to read...', 'D://GITHUB//integ...', 227)
#2 D:/GITHUB/integraupt-web/Integraupt-Backend/backend-horarios-laravel/app/Services/HorarioService.php(25): App/Services/HorarioService->mapToResponse(Object(App/Models/Horario))
#3 [internal function]: App/Services/HorarioService->App/Services/{closure}(Object(App/Models/Horario), 0)
#4 D:/GITHUB/integraupt-web/Integraupt-Backend/backend-horarios-laravel/vendor/laravel/framework/src/Illuminate/Collections/Arr.php(609): array_map(Object(Closure), Array, Array)
#5 D:/GITHUB/integraupt-web/Integraupt-Backend/backend-horarios-laravel/vendor/laravel/framework/src/Illuminate/Collections/Collection.php(799): Illuminate/Support/Arr::map(Array, Object(Closure))
#6 D:/GITHUB/integraupt-web/Integraupt-Backend/backend-horarios-laravel/vendor/laravel/framework/src/Illuminate/Database/Eloquent/Collection.php(388): Illuminate/Support/Collection->map(Object(Closure))
#7 D:/GITHUB/integraupt-web/Integraupt-Backend/backend-horarios-laravel/app/Services/HorarioService.php(25): Illuminate/Database/Eloquent/Collection->map(Object(Closure))
#8 D:/GITHUB/integraupt-web/Integraupt-Backend/backend-horarios-laravel/app/Http/Controllers/Api/HorarioController.php(39): App/Services/HorarioService->listarTodos()
#9 D:/GITHUB/integraupt-web/Integraupt-Backend/backend-horarios-laravel/vendor/laravel/framework/src/Illuminate/Routing/Controller.php(54): App/Http/Controllers/Api/HorarioController->index()
#10 D:/GITHUB/integraupt-web/Integraupt-Backend/backend-horarios-laravel/vendor/laravel/framework/src/Illuminate/Routing/ControllerDispatcher.php(44): Illuminate/Routing/Controller->callAction('index', Array)
#11 D:/GITHUB/integraupt-web/Integraupt-Backend/backend-horarios-laravel/vendor/laravel/framework/src/Illuminate/Routing/Route.php(266): Illuminate/Routing/ControllerDispatcher->dispatch(Object(Illuminate/Routing/Route), Object(App/Http/Controllers/Api/HorarioController), 'index')
#12 D:/GITHUB/integraupt-web/Integraupt-Backend/backend-horarios-laravel/vendor/laravel/framework/src/Illuminate/Routing/Route.php(212): Illuminate/Routing/Route->runController()
#13 D:/GITHUB/integraupt-web/Integraupt-Backend/backend-horarios-laravel/vendor/laravel/framework/src/Illuminate/Routing/Router.php(808): Illuminate/Routing/Route->run()
#14 D:/GITHUB/integraupt-web/Integraupt-Backend/backend-horarios-laravel/vendor/laravel/framework/src/Illuminate/Pipeline/Pipeline.php(170): Illuminate/Routing/Router->Illuminate/Routing/{closure}(Object(Illuminate/Http/Request))
#15 D:/GITHUB/integraupt-web/Integraupt-Backend/backend-horarios-laravel/vendor/laravel/framework/src/Illuminate/Routing/Middleware/SubstituteBindings.php(51): Illuminate/Pipeline/Pipeline->Illuminate/Pipeline/{closure}(Object(Illuminate/Http/Request))
#16 D:/GITHUB/integraupt-web/Integraupt-Backend/backend-horarios-laravel/vendor/laravel/framework/src/Illuminate/Pipeline/Pipeline.php(209): Illuminate/Routing/Middleware/SubstituteBindings->handle(Object(Illuminate/Http/Request), Object(Closure))
#17 D:/GITHUB/integraupt-web/Integraupt-Backend/backend-horarios-laravel/vendor/laravel/framework/src/Illuminate/Pipeline/Pipeline.php(127): Illuminate/Pipeline/Pipeline->Illuminate/Pipeline/{closure}(Object(Illuminate/Http/Request))
#18 D:/GITHUB/integraupt-web/Integraupt-Backend/backend-horarios-laravel/vendor/laravel/framework/src/Illuminate/Routing/Router.php(807): Illuminate/Pipeline/Pipeline->then(Object(Closure))
#19 D:/GITHUB/integraupt-web/Integraupt-Backend/backend-horarios-laravel/vendor/laravel/framework/src/Illuminate/Routing/Router.php(786): Illuminate/Routing/Router->runRouteWithinStack(Object(Illuminate/Routing/Route), Object(Illuminate/Http/Request))
#20 D:/GITHUB/integraupt-web/Integraupt-Backend/backend-horarios-laravel/vendor/laravel/framework/src/Illuminate/Routing/Router.php(750): Illuminate/Routing/Router->runRoute(Object(Illuminate/Http/Request), Object(Illuminate/Routing/Route))
#21 D:/GITHUB/integraupt-web/Integraupt-Backend/backend-horarios-laravel/vendor/laravel/framework/src/Illuminate/Routing/Router.php(739): Illuminate/Routing/Router->dispatchToRoute(Object(Illuminate/Http/Request))
#22 D:/GITHUB/integraupt-web/Integraupt-Backend/backend-horarios-laravel/vendor/laravel/framework/src/Illuminate/Foundation/Http/Kernel.php(201): Illuminate/Routing/Router->dispatch(Object(Illuminate/Http/Request))
#23 D:/GITHUB/integraupt-web/Integraupt-Backend/backend-horarios-laravel/vendor/laravel/framework/src/Illuminate/Pipeline/Pipeline.php(170): Illuminate/Foundation/Http/Kernel->Illuminate/Foundation/Http/{closure}(Object(Illuminate/Http/Request))
#24 D:/GITHUB/integraupt-web/Integraupt-Backend/backend-horarios-laravel/vendor/laravel/framework/src/Illuminate/Foundation/Http/Middleware/TransformsRequest.php(21): Illuminate/Pipeline/Pipeline->Illuminate/Pipeline/{closure}(Object(Illuminate/Http/Request))
#25 D:/GITHUB/integraupt-web/Integraupt-Backend/backend-horarios-laravel/vendor/laravel/framework/src/Illuminate/Foundation/Http/Middleware/ConvertEmptyStringsToNull.php(31): Illuminate/Foundation/Http/Middleware/TransformsRequest->handle(Object(Illuminate/Http/Request), Object(Closure))
#26 D:/GITHUB/integraupt-web/Integraupt-Backend/backend-horarios-laravel/vendor/laravel/framework/src/Illuminate/Pipeline/Pipeline.php(209): Illuminate/Foundation/Http/Middleware/ConvertEmptyStringsToNull->handle(Object(Illuminate/Http/Request), Object(Closure))
#27 D:/GITHUB/integraupt-web/Integraupt-Backend/backend-horarios-laravel/vendor/laravel/framework/src/Illuminate/Foundation/Http/Middleware/TransformsRequest.php(21): Illuminate/Pipeline/Pipeline->Illuminate/Pipeline/{closure}(Object(Illuminate/Http/Request))
#28 D:/GITHUB/integraupt-web/Integraupt-Backend/backend-horarios-laravel/vendor/laravel/framework/src/Illuminate/Foundation/Http/Middleware/TrimStrings.php(51): Illuminate/Foundation/Http/Middleware/TransformsRequest->handle(Object(Illuminate/Http/Request), Object(Closure))
#29 D:/GITHUB/integraupt-web/Integraupt-Backend/backend-horarios-laravel/vendor/laravel/framework/src/Illuminate/Pipeline/Pipeline.php(209): Illuminate/Foundation/Http/Middleware/TrimStrings->handle(Object(Illuminate/Http/Request), Object(Closure))
#30 D:/GITHUB/integraupt-web/Integraupt-Backend/backend-horarios-laravel/vendor/laravel/framework/src/Illuminate/Http/Middleware/ValidatePostSize.php(27): Illuminate/Pipeline/Pipeline->Illuminate/Pipeline/{closure}(Object(Illuminate/Http/Request))
#31 D:/GITHUB/integraupt-web/Integraupt-Backend/backend-horarios-laravel/vendor/laravel/framework/src/Illuminate/Pipeline/Pipeline.php(209): Illuminate/Http/Middleware/ValidatePostSize->handle(Object(Illuminate/Http/Request), Object(Closure))
#32 D:/GITHUB/integraupt-web/Integraupt-Backend/backend-horarios-laravel/vendor/laravel/framework/src/Illuminate/Foundation/Http/Middleware/PreventRequestsDuringMaintenance.php(110): Illuminate/Pipeline/Pipeline->Illuminate/Pipeline/{closure}(Object(Illuminate/Http/Request))
#33 D:/GITHUB/integraupt-web/Integraupt-Backend/backend-horarios-laravel/vendor/laravel/framework/src/Illuminate/Pipeline/Pipeline.php(209): Illuminate/Foundation/Http/Middleware/PreventRequestsDuringMaintenance->handle(Object(Illuminate/Http/Request), Object(Closure))
#34 D:/GITHUB/integraupt-web/Integraupt-Backend/backend-horarios-laravel/vendor/laravel/framework/src/Illuminate/Http/Middleware/HandleCors.php(62): Illuminate/Pipeline/Pipeline->Illuminate/Pipeline/{closure}(Object(Illuminate/Http/Request))
#35 D:/GITHUB/integraupt-web/Integraupt-Backend/backend-horarios-laravel/vendor/laravel/framework/src/Illuminate/Pipeline/Pipeline.php(209): Illuminate/Http/Middleware/HandleCors->handle(Object(Illuminate/Http/Request), Object(Closure))
#36 D:/GITHUB/integraupt-web/Integraupt-Backend/backend-horarios-laravel/vendor/laravel/framework/src/Illuminate/Http/Middleware/TrustProxies.php(58): Illuminate/Pipeline/Pipeline->Illuminate/Pipeline/{closure}(Object(Illuminate/Http/Request))
#37 D:/GITHUB/integraupt-web/Integraupt-Backend/backend-horarios-laravel/vendor/laravel/framework/src/Illuminate/Pipeline/Pipeline.php(209): Illuminate/Http/Middleware/TrustProxies->handle(Object(Illuminate/Http/Request), Object(Closure))
#38 D:/GITHUB/integraupt-web/Integraupt-Backend/backend-horarios-laravel/vendor/laravel/framework/src/Illuminate/Foundation/Http/Middleware/InvokeDeferredCallbacks.php(22): Illuminate/Pipeline/Pipeline->Illuminate/Pipeline/{closure}(Object(Illuminate/Http/Request))
#39 D:/GITHUB/integraupt-web/Integraupt-Backend/backend-horarios-laravel/vendor/laravel/framework/src/Illuminate/Pipeline/Pipeline.php(209): Illuminate/Foundation/Http/Middleware/InvokeDeferredCallbacks->handle(Object(Illuminate/Http/Request), Object(Closure))
#40 D:/GITHUB/integraupt-web/Integraupt-Backend/backend-horarios-laravel/vendor/laravel/framework/src/Illuminate/Pipeline/Pipeline.php(127): Illuminate/Pipeline/Pipeline->Illuminate/Pipeline/{closure}(Object(Illuminate/Http/Request))
#41 D:/GITHUB/integraupt-web/Integraupt-Backend/backend-horarios-laravel/vendor/laravel/framework/src/Illuminate/Foundation/Http/Kernel.php(176): Illuminate/Pipeline/Pipeline->then(Object(Closure))
#42 D:/GITHUB/integraupt-web/Integraupt-Backend/backend-horarios-laravel/vendor/laravel/framework/src/Illuminate/Foundation/Http/Kernel.php(145): Illuminate/Foundation/Http/Kernel->sendRequestThroughRouter(Object(Illuminate/Http/Request))
#43 D:/GITHUB/integraupt-web/Integraupt-Backend/backend-horarios-laravel/vendor/laravel/framework/src/Illuminate/Foundation/Application.php(1220): Illuminate/Foundation/Http/Kernel->handle(Object(Illuminate/Http/Request))
#44 D:/GITHUB/integraupt-web/Integraupt-Backend/backend-horarios-laravel/public/index.php(20): Illuminate/Foundation/Application->handleRequest(Object(Illuminate/Http/Request))
#45 D:/GITHUB/integraupt-web/Integraupt-Backend/backend-horarios-laravel/vendor/laravel/framework/src/Illuminate/Foundation/resources/server.php(23): require_once('D://GITHUB//integ...')
#46 {main}
"} 
