[INFO] Scanning for projects...
[INFO] 
[INFO] ------------------< com.auditoria:backend-auditoria >-------------------
[INFO] Building BackendAuditoria 0.0.1-SNAPSHOT
[INFO]   from pom.xml
[INFO] --------------------------------[ jar ]---------------------------------
[INFO] 
[INFO] >>> spring-boot:3.5.7:run (default-cli) > test-compile @ backend-auditoria >>>
[INFO] 
[INFO] --- resources:3.3.1:resources (default-resources) @ backend-auditoria ---
[INFO] Copying 1 resource from src\main\resources to target\classes
[INFO] Copying 0 resource from src\main\resources to target\classes
[INFO] 
[INFO] --- compiler:3.14.1:compile (default-compile) @ backend-auditoria ---
[INFO] Nothing to compile - all classes are up to date.
[INFO] 
[INFO] --- resources:3.3.1:testResources (default-testResources) @ backend-auditoria ---
[INFO] skip non existing resourceDirectory C:\Users\Razse\Downloads\asda\IntegraUPT\IntegraUPT\Integraupt-Backend\BackendAuditoria\src\test\resources
[INFO] 
[INFO] --- compiler:3.14.1:testCompile (default-testCompile) @ backend-auditoria ---
[INFO] Nothing to compile - all classes are up to date.
[INFO] 
[INFO] <<< spring-boot:3.5.7:run (default-cli) < test-compile @ backend-auditoria <<<
[INFO] 
[INFO] 
[INFO] --- spring-boot:3.5.7:run (default-cli) @ backend-auditoria ---
[INFO] Attaching agents: []

  .   ____          _            __ _ _
 /\\ / ___'_ __ _ _(_)_ __  __ _ \ \ \ \
( ( )\___ | '_ | '_| | '_ \/ _` | \ \ \ \
 \\/  ___)| |_)| | | | | || (_| |  ) ) ) )
  '  |____| .__|_| |_|_| |_\__, | / / / /
 =========|_|==============|___/=/_/_/_/

 :: Spring Boot ::                (v3.5.7)

2025-11-26T18:46:25.192-05:00  INFO 16748 --- [backend-auditoria] [  restartedMain] c.auditoria.BackendAuditoriaApplication  : Starting BackendAuditoriaApplication using Java 21.0.8 with PID 16748 (C:\Users\Razse\Downloads\asda\IntegraUPT\IntegraUPT\Integraupt-Backend\BackendAuditoria\target\classes started by Razse in C:\Users\Razse\Downloads\asda\IntegraUPT\IntegraUPT\Integraupt-Backend\BackendAuditoria)
2025-11-26T18:46:25.198-05:00  INFO 16748 --- [backend-auditoria] [  restartedMain] c.auditoria.BackendAuditoriaApplication  : No active profile set, falling back to 1 default profile: "default"
2025-11-26T18:46:25.360-05:00  INFO 16748 --- [backend-auditoria] [  restartedMain] .e.DevToolsPropertyDefaultsPostProcessor : Devtools property defaults active! Set 'spring.devtools.add-properties' to 'false' to disable
2025-11-26T18:46:25.360-05:00  INFO 16748 --- [backend-auditoria] [  restartedMain] .e.DevToolsPropertyDefaultsPostProcessor : For additional web related logging consider setting the 'logging.level.web' property to 'DEBUG'
2025-11-26T18:46:27.606-05:00  INFO 16748 --- [backend-auditoria] [  restartedMain] .s.d.r.c.RepositoryConfigurationDelegate : Bootstrapping Spring Data JPA repositories in DEFAULT mode.
2025-11-26T18:46:27.820-05:00  INFO 16748 --- [backend-auditoria] [  restartedMain] .s.d.r.c.RepositoryConfigurationDelegate : Finished Spring Data repository scanning in 189 ms. Found 1 JPA repository interface.
2025-11-26T18:46:29.999-05:00  INFO 16748 --- [backend-auditoria] [  restartedMain] o.s.b.w.embedded.tomcat.TomcatWebServer  : Tomcat initialized with port 8091 (http)
2025-11-26T18:46:30.039-05:00  INFO 16748 --- [backend-auditoria] [  restartedMain] o.apache.catalina.core.StandardService   : Starting service [Tomcat]
2025-11-26T18:46:30.039-05:00  INFO 16748 --- [backend-auditoria] [  restartedMain] o.apache.catalina.core.StandardEngine    : Starting Servlet engine: [Apache Tomcat/10.1.48]
2025-11-26T18:46:30.128-05:00  INFO 16748 --- [backend-auditoria] [  restartedMain] o.a.c.c.C.[Tomcat].[localhost].[/]       : Initializing Spring embedded WebApplicationContext
2025-11-26T18:46:30.129-05:00  INFO 16748 --- [backend-auditoria] [  restartedMain] w.s.c.ServletWebServerApplicationContext : Root WebApplicationContext: initialization completed in 4766 ms
2025-11-26T18:46:30.462-05:00  INFO 16748 --- [backend-auditoria] [  restartedMain] o.hibernate.jpa.internal.util.LogHelper  : HHH000204: Processing PersistenceUnitInfo [name: default]
2025-11-26T18:46:30.578-05:00  INFO 16748 --- [backend-auditoria] [  restartedMain] org.hibernate.Version                    : HHH000412: Hibernate ORM core version 6.6.33.Final
2025-11-26T18:46:30.643-05:00  INFO 16748 --- [backend-auditoria] [  restartedMain] o.h.c.internal.RegionFactoryInitiator    : HHH000026: Second-level cache disabled
2025-11-26T18:46:31.177-05:00  INFO 16748 --- [backend-auditoria] [  restartedMain] o.s.o.j.p.SpringPersistenceUnitInfo      : No LoadTimeWeaver setup: ignoring JPA class transformer
2025-11-26T18:46:31.233-05:00  INFO 16748 --- [backend-auditoria] [  restartedMain] com.zaxxer.hikari.HikariDataSource       : HikariPool-1 - Starting...
2025-11-26T18:46:31.573-05:00  INFO 16748 --- [backend-auditoria] [  restartedMain] com.zaxxer.hikari.pool.HikariPool        : HikariPool-1 - Added connection com.mysql.cj.jdbc.ConnectionImpl@3ecbe70c
2025-11-26T18:46:31.576-05:00  INFO 16748 --- [backend-auditoria] [  restartedMain] com.zaxxer.hikari.HikariDataSource       : HikariPool-1 - Start completed.
2025-11-26T18:46:31.644-05:00  WARN 16748 --- [backend-auditoria] [  restartedMain] org.hibernate.dialect.Dialect            : HHH000511: The 5.5.5 version for [org.hibernate.dialect.MySQLDialect] is no longer supported, hence certain features may not work properly. The minimum supported version is 8.0.0. Check the community dialects project for available legacy versions.
2025-11-26T18:46:31.652-05:00  WARN 16748 --- [backend-auditoria] [  restartedMain] org.hibernate.orm.deprecation            : HHH90000025: MySQLDialect does not need to be specified explicitly using 'hibernate.dialect' (remove the property setting and it will be selected by default)
2025-11-26T18:46:31.679-05:00  INFO 16748 --- [backend-auditoria] [  restartedMain] org.hibernate.orm.connections.pooling    : HHH10001005: Database info:
	Database JDBC URL [Connecting through datasource 'HikariDataSource (HikariPool-1)']
	Database driver: undefined/unknown
	Database version: 5.5.5
	Autocommit mode: undefined/unknown
	Isolation level: undefined/unknown
	Minimum pool size: undefined/unknown
	Maximum pool size: undefined/unknown
2025-11-26T18:46:33.443-05:00  INFO 16748 --- [backend-auditoria] [  restartedMain] o.h.e.t.j.p.i.JtaPlatformInitiator       : HHH000489: No JTA platform available (set 'hibernate.transaction.jta.platform' to enable JTA platform integration)
2025-11-26T18:46:33.449-05:00  INFO 16748 --- [backend-auditoria] [  restartedMain] j.LocalContainerEntityManagerFactoryBean : Initialized JPA EntityManagerFactory for persistence unit 'default'
2025-11-26T18:46:33.970-05:00  INFO 16748 --- [backend-auditoria] [  restartedMain] o.s.d.j.r.query.QueryEnhancerFactory     : Hibernate is in classpath; If applicable, HQL parser will be used.
2025-11-26T18:46:34.757-05:00  INFO 16748 --- [backend-auditoria] [  restartedMain] o.s.b.d.a.OptionalLiveReloadServer       : LiveReload server is running on port 35729
2025-11-26T18:46:34.822-05:00  INFO 16748 --- [backend-auditoria] [  restartedMain] o.s.b.w.embedded.tomcat.TomcatWebServer  : Tomcat started on port 8091 (http) with context path '/'
2025-11-26T18:46:34.839-05:00  INFO 16748 --- [backend-auditoria] [  restartedMain] c.auditoria.BackendAuditoriaApplication  : Started BackendAuditoriaApplication in 12.601 seconds (process running for 15.902)
2025-11-26T18:48:36.002-05:00  INFO 16748 --- [backend-auditoria] [nio-8091-exec-1] o.a.c.c.C.[Tomcat].[localhost].[/]       : Initializing Spring DispatcherServlet 'dispatcherServlet'
2025-11-26T18:48:36.002-05:00  INFO 16748 --- [backend-auditoria] [nio-8091-exec-1] o.s.web.servlet.DispatcherServlet        : Initializing Servlet 'dispatcherServlet'
2025-11-26T18:48:36.003-05:00  INFO 16748 --- [backend-auditoria] [nio-8091-exec-1] o.s.web.servlet.DispatcherServlet        : Completed initialization in 1 ms
Hibernate: SELECT
    a.IdAudit AS idAudit,
    a.IdReserva AS idReserva,
    a.EstadoAnterior AS estadoAnterior,
    a.EstadoNuevo AS estadoNuevo,
    a.FechaCambio AS fechaCambio,
    a.UsuarioCambio AS usuarioCambioId,
    CONCAT(
        COALESCE(u.Nombre, ''),
        CASE WHEN u.Nombre IS NOT NULL AND u.Apellido IS NOT NULL THEN ' ' ELSE '' END,
        COALESCE(u.Apellido, '')
    ) AS usuarioCambioNombre,
    u.NumDoc AS usuarioCambioDocumento,
    r.Estado AS estadoReservaActual,
    r.DescripcionUso AS descripcionUso,
    r.fechaReserva AS fechaReserva,
    e.Codigo AS codigoEspacio,
    e.Nombre AS nombreEspacio
FROM auditoriareserva a
JOIN reserva r ON r.IdReserva = a.IdReserva
LEFT JOIN usuario u ON u.IdUsuario = a.UsuarioCambio
LEFT JOIN espacio e ON e.IdEspacio = r.espacio
WHERE (? IS NULL OR a.IdReserva = ?)
  AND (
    ? IS NULL
    OR UPPER(a.EstadoNuevo) = UPPER(?)
    OR UPPER(a.EstadoAnterior) = UPPER(?)
  )
  AND (
    ? IS NULL
    OR u.Nombre LIKE CONCAT('%', ?, '%')
    OR u.Apellido LIKE CONCAT('%', ?, '%')
    OR u.NumDoc LIKE CONCAT('%', ?, '%')
  )
  AND (? IS NULL OR a.FechaCambio >= ?)
  AND (? IS NULL OR a.FechaCambio <= ?)
ORDER BY a.FechaCambio DESC

Hibernate: SELECT
    a.IdAudit AS idAudit,
    a.IdReserva AS idReserva,
    a.EstadoAnterior AS estadoAnterior,
    a.EstadoNuevo AS estadoNuevo,
    a.FechaCambio AS fechaCambio,
    a.UsuarioCambio AS usuarioCambioId,
    CONCAT(
        COALESCE(u.Nombre, ''),
        CASE WHEN u.Nombre IS NOT NULL AND u.Apellido IS NOT NULL THEN ' ' ELSE '' END,
        COALESCE(u.Apellido, '')
    ) AS usuarioCambioNombre,
    u.NumDoc AS usuarioCambioDocumento,
    r.Estado AS estadoReservaActual,
    r.DescripcionUso AS descripcionUso,
    r.fechaReserva AS fechaReserva,
    e.Codigo AS codigoEspacio,
    e.Nombre AS nombreEspacio
FROM auditoriareserva a
JOIN reserva r ON r.IdReserva = a.IdReserva
LEFT JOIN usuario u ON u.IdUsuario = a.UsuarioCambio
LEFT JOIN espacio e ON e.IdEspacio = r.espacio
WHERE (? IS NULL OR a.IdReserva = ?)
  AND (
    ? IS NULL
    OR UPPER(a.EstadoNuevo) = UPPER(?)
    OR UPPER(a.EstadoAnterior) = UPPER(?)
  )
  AND (
    ? IS NULL
    OR u.Nombre LIKE CONCAT('%', ?, '%')
    OR u.Apellido LIKE CONCAT('%', ?, '%')
    OR u.NumDoc LIKE CONCAT('%', ?, '%')
  )
  AND (? IS NULL OR a.FechaCambio >= ?)
  AND (? IS NULL OR a.FechaCambio <= ?)
ORDER BY a.FechaCambio DESC

2025-11-26T19:17:22.596-05:00  WARN 16748 --- [backend-auditoria] [l-1:housekeeper] com.zaxxer.hikari.pool.HikariPool        : HikariPool-1 - Thread starvation or clock leap detected (housekeeper delta=1m50s474ms367µs400ns).
Hibernate: SELECT
    a.IdAudit AS idAudit,
    a.IdReserva AS idReserva,
    a.EstadoAnterior AS estadoAnterior,
    a.EstadoNuevo AS estadoNuevo,
    a.FechaCambio AS fechaCambio,
    a.UsuarioCambio AS usuarioCambioId,
    CONCAT(
        COALESCE(u.Nombre, ''),
        CASE WHEN u.Nombre IS NOT NULL AND u.Apellido IS NOT NULL THEN ' ' ELSE '' END,
        COALESCE(u.Apellido, '')
    ) AS usuarioCambioNombre,
    u.NumDoc AS usuarioCambioDocumento,
    r.Estado AS estadoReservaActual,
    r.DescripcionUso AS descripcionUso,
    r.fechaReserva AS fechaReserva,
    e.Codigo AS codigoEspacio,
    e.Nombre AS nombreEspacio
FROM auditoriareserva a
JOIN reserva r ON r.IdReserva = a.IdReserva
LEFT JOIN usuario u ON u.IdUsuario = a.UsuarioCambio
LEFT JOIN espacio e ON e.IdEspacio = r.espacio
WHERE (? IS NULL OR a.IdReserva = ?)
  AND (
    ? IS NULL
    OR UPPER(a.EstadoNuevo) = UPPER(?)
    OR UPPER(a.EstadoAnterior) = UPPER(?)
  )
  AND (
    ? IS NULL
    OR u.Nombre LIKE CONCAT('%', ?, '%')
    OR u.Apellido LIKE CONCAT('%', ?, '%')
    OR u.NumDoc LIKE CONCAT('%', ?, '%')
  )
  AND (? IS NULL OR a.FechaCambio >= ?)
  AND (? IS NULL OR a.FechaCambio <= ?)
ORDER BY a.FechaCambio DESC

Hibernate: SELECT
    a.IdAudit AS idAudit,
    a.IdReserva AS idReserva,
    a.EstadoAnterior AS estadoAnterior,
    a.EstadoNuevo AS estadoNuevo,
    a.FechaCambio AS fechaCambio,
    a.UsuarioCambio AS usuarioCambioId,
    CONCAT(
        COALESCE(u.Nombre, ''),
        CASE WHEN u.Nombre IS NOT NULL AND u.Apellido IS NOT NULL THEN ' ' ELSE '' END,
        COALESCE(u.Apellido, '')
    ) AS usuarioCambioNombre,
    u.NumDoc AS usuarioCambioDocumento,
    r.Estado AS estadoReservaActual,
    r.DescripcionUso AS descripcionUso,
    r.fechaReserva AS fechaReserva,
    e.Codigo AS codigoEspacio,
    e.Nombre AS nombreEspacio
FROM auditoriareserva a
JOIN reserva r ON r.IdReserva = a.IdReserva
LEFT JOIN usuario u ON u.IdUsuario = a.UsuarioCambio
LEFT JOIN espacio e ON e.IdEspacio = r.espacio
WHERE (? IS NULL OR a.IdReserva = ?)
  AND (
    ? IS NULL
    OR UPPER(a.EstadoNuevo) = UPPER(?)
    OR UPPER(a.EstadoAnterior) = UPPER(?)
  )
  AND (
    ? IS NULL
    OR u.Nombre LIKE CONCAT('%', ?, '%')
    OR u.Apellido LIKE CONCAT('%', ?, '%')
    OR u.NumDoc LIKE CONCAT('%', ?, '%')
  )
  AND (? IS NULL OR a.FechaCambio >= ?)
  AND (? IS NULL OR a.FechaCambio <= ?)
ORDER BY a.FechaCambio DESC

2025-11-26T19:42:32.236-05:00  INFO 16748 --- [backend-auditoria] [ionShutdownHook] o.s.b.w.e.tomcat.GracefulShutdown        : Commencing graceful shutdown. Waiting for active requests to complete
2025-11-26T19:42:32.278-05:00  INFO 16748 --- [backend-auditoria] [tomcat-shutdown] o.s.b.w.e.tomcat.GracefulShutdown        : Graceful shutdown complete
2025-11-26T19:42:32.304-05:00  INFO 16748 --- [backend-auditoria] [ionShutdownHook] j.LocalContainerEntityManagerFactoryBean : Closing JPA EntityManagerFactory for persistence unit 'default'
