[INFO] Scanning for projects...
[INFO] 
[INFO] ------------------------< com.espacio:servicio >------------------------
[INFO] Building servicio 0.0.1-SNAPSHOT
[INFO]   from pom.xml
[INFO] --------------------------------[ jar ]---------------------------------
[INFO] 
[INFO] >>> spring-boot:3.5.7:run (default-cli) > test-compile @ servicio >>>
[INFO] 
[INFO] --- resources:3.3.1:resources (default-resources) @ servicio ---
[INFO] Copying 1 resource from src\main\resources to target\classes
[INFO] Copying 1 resource from src\main\resources to target\classes
[INFO] 
[INFO] --- compiler:3.14.1:compile (default-compile) @ servicio ---
[INFO] Recompiling the module because of changed source code.
[INFO] Compiling 15 source files with javac [debug parameters release 21] to target\classes
[INFO] 
[INFO] --- resources:3.3.1:testResources (default-testResources) @ servicio ---
[INFO] skip non existing resourceDirectory C:\Users\Razse\Downloads\asda\IntegraUPT\IntegraUPT\Integraupt-Backend\BackendEspacios\src\test\resources
[INFO] 
[INFO] --- compiler:3.14.1:testCompile (default-testCompile) @ servicio ---
[INFO] Recompiling the module because of changed dependency.
[INFO] Compiling 1 source file with javac [debug parameters release 21] to target\test-classes
[INFO] 
[INFO] <<< spring-boot:3.5.7:run (default-cli) < test-compile @ servicio <<<
[INFO] 
[INFO] 
[INFO] --- spring-boot:3.5.7:run (default-cli) @ servicio ---
[INFO] Attaching agents: []

  .   ____          _            __ _ _
 /\\ / ___'_ __ _ _(_)_ __  __ _ \ \ \ \
( ( )\___ | '_ | '_| | '_ \/ _` | \ \ \ \
 \\/  ___)| |_)| | | | | || (_| |  ) ) ) )
  '  |____| .__|_| |_|_| |_\__, | / / / /
 =========|_|==============|___/=/_/_/_/

 :: Spring Boot ::                (v3.5.7)

2025-11-26T18:46:32.188-05:00  INFO 21024 --- [servicio] [  restartedMain] com.espacio.ServicioApplication          : Starting ServicioApplication using Java 21.0.8 with PID 21024 (C:\Users\Razse\Downloads\asda\IntegraUPT\IntegraUPT\Integraupt-Backend\BackendEspacios\target\classes started by Razse in C:\Users\Razse\Downloads\asda\IntegraUPT\IntegraUPT\Integraupt-Backend\BackendEspacios)
2025-11-26T18:46:32.191-05:00  INFO 21024 --- [servicio] [  restartedMain] com.espacio.ServicioApplication          : No active profile set, falling back to 1 default profile: "default"
2025-11-26T18:46:32.278-05:00  INFO 21024 --- [servicio] [  restartedMain] .e.DevToolsPropertyDefaultsPostProcessor : Devtools property defaults active! Set 'spring.devtools.add-properties' to 'false' to disable
2025-11-26T18:46:32.279-05:00  INFO 21024 --- [servicio] [  restartedMain] .e.DevToolsPropertyDefaultsPostProcessor : For additional web related logging consider setting the 'logging.level.web' property to 'DEBUG'
2025-11-26T18:46:33.837-05:00  INFO 21024 --- [servicio] [  restartedMain] .s.d.r.c.RepositoryConfigurationDelegate : Bootstrapping Spring Data JPA repositories in DEFAULT mode.
2025-11-26T18:46:33.959-05:00  INFO 21024 --- [servicio] [  restartedMain] .s.d.r.c.RepositoryConfigurationDelegate : Finished Spring Data repository scanning in 108 ms. Found 3 JPA repository interfaces.
2025-11-26T18:46:34.966-05:00  INFO 21024 --- [servicio] [  restartedMain] o.s.b.w.embedded.tomcat.TomcatWebServer  : Tomcat initialized with port 8082 (http)
2025-11-26T18:46:34.986-05:00  INFO 21024 --- [servicio] [  restartedMain] o.apache.catalina.core.StandardService   : Starting service [Tomcat]
2025-11-26T18:46:34.986-05:00  INFO 21024 --- [servicio] [  restartedMain] o.apache.catalina.core.StandardEngine    : Starting Servlet engine: [Apache Tomcat/10.1.48]
2025-11-26T18:46:35.061-05:00  INFO 21024 --- [servicio] [  restartedMain] o.a.c.c.C.[Tomcat].[localhost].[/]       : Initializing Spring embedded WebApplicationContext
2025-11-26T18:46:35.062-05:00  INFO 21024 --- [servicio] [  restartedMain] w.s.c.ServletWebServerApplicationContext : Root WebApplicationContext: initialization completed in 2782 ms
2025-11-26T18:46:35.338-05:00  INFO 21024 --- [servicio] [  restartedMain] o.hibernate.jpa.internal.util.LogHelper  : HHH000204: Processing PersistenceUnitInfo [name: default]
2025-11-26T18:46:35.418-05:00  INFO 21024 --- [servicio] [  restartedMain] org.hibernate.Version                    : HHH000412: Hibernate ORM core version 6.6.33.Final
2025-11-26T18:46:35.470-05:00  INFO 21024 --- [servicio] [  restartedMain] o.h.c.internal.RegionFactoryInitiator    : HHH000026: Second-level cache disabled
2025-11-26T18:46:35.816-05:00  INFO 21024 --- [servicio] [  restartedMain] o.s.o.j.p.SpringPersistenceUnitInfo      : No LoadTimeWeaver setup: ignoring JPA class transformer
2025-11-26T18:46:35.857-05:00  INFO 21024 --- [servicio] [  restartedMain] com.zaxxer.hikari.HikariDataSource       : HikariPool-1 - Starting...
2025-11-26T18:46:36.079-05:00  INFO 21024 --- [servicio] [  restartedMain] com.zaxxer.hikari.pool.HikariPool        : HikariPool-1 - Added connection com.mysql.cj.jdbc.ConnectionImpl@214cfa1e
2025-11-26T18:46:36.081-05:00  INFO 21024 --- [servicio] [  restartedMain] com.zaxxer.hikari.HikariDataSource       : HikariPool-1 - Start completed.
2025-11-26T18:46:36.135-05:00  WARN 21024 --- [servicio] [  restartedMain] org.hibernate.dialect.Dialect            : HHH000511: The 5.5.5 version for [org.hibernate.dialect.MySQLDialect] is no longer supported, hence certain features may not work properly. The minimum supported version is 8.0.0. Check the community dialects project for available legacy versions.
2025-11-26T18:46:36.140-05:00  WARN 21024 --- [servicio] [  restartedMain] org.hibernate.orm.deprecation            : HHH90000025: MySQLDialect does not need to be specified explicitly using 'hibernate.dialect' (remove the property setting and it will be selected by default)
2025-11-26T18:46:36.166-05:00  INFO 21024 --- [servicio] [  restartedMain] org.hibernate.orm.connections.pooling    : HHH10001005: Database info:
	Database JDBC URL [Connecting through datasource 'HikariDataSource (HikariPool-1)']
	Database driver: undefined/unknown
	Database version: 5.5.5
	Autocommit mode: undefined/unknown
	Isolation level: undefined/unknown
	Minimum pool size: undefined/unknown
	Maximum pool size: undefined/unknown
2025-11-26T18:46:37.374-05:00  INFO 21024 --- [servicio] [  restartedMain] o.h.e.t.j.p.i.JtaPlatformInitiator       : HHH000489: No JTA platform available (set 'hibernate.transaction.jta.platform' to enable JTA platform integration)
2025-11-26T18:46:37.379-05:00  INFO 21024 --- [servicio] [  restartedMain] j.LocalContainerEntityManagerFactoryBean : Initialized JPA EntityManagerFactory for persistence unit 'default'
2025-11-26T18:46:38.696-05:00  WARN 21024 --- [servicio] [  restartedMain] o.s.b.d.a.OptionalLiveReloadServer       : Unable to start LiveReload server
2025-11-26T18:46:38.749-05:00  INFO 21024 --- [servicio] [  restartedMain] o.s.b.w.embedded.tomcat.TomcatWebServer  : Tomcat started on port 8082 (http) with context path '/'
2025-11-26T18:46:38.759-05:00  INFO 21024 --- [servicio] [  restartedMain] com.espacio.ServicioApplication          : Started ServicioApplication in 7.291 seconds (process running for 8.273)
2025-11-26T18:48:35.016-05:00  INFO 21024 --- [servicio] [nio-8082-exec-1] o.a.c.c.C.[Tomcat].[localhost].[/]       : Initializing Spring DispatcherServlet 'dispatcherServlet'
2025-11-26T18:48:35.017-05:00  INFO 21024 --- [servicio] [nio-8082-exec-1] o.s.web.servlet.DispatcherServlet        : Initializing Servlet 'dispatcherServlet'
2025-11-26T18:48:35.017-05:00  INFO 21024 --- [servicio] [nio-8082-exec-1] o.s.web.servlet.DispatcherServlet        : Completed initialization in 0 ms
Hibernate: select e1_0.IdEscuela,e1_0.IdFacultad,e1_0.Nombre from escuela e1_0
Hibernate: select e1_0.IdEspacio,e1_0.Capacidad,e1_0.Codigo,e1_0.Equipamiento,e1_0.Escuela,e1_0.Estado,e1_0.Nombre,e1_0.Tipo from espacio e1_0
Hibernate: select e1_0.IdEscuela,e1_0.IdFacultad,e1_0.Nombre from escuela e1_0 where e1_0.IdEscuela=?
Hibernate: select e1_0.IdEscuela,e1_0.IdFacultad,e1_0.Nombre from escuela e1_0 where e1_0.IdEscuela=?
Hibernate: select e1_0.IdEscuela,e1_0.IdFacultad,e1_0.Nombre from escuela e1_0
Hibernate: select e1_0.IdEspacio,e1_0.Capacidad,e1_0.Codigo,e1_0.Equipamiento,e1_0.Escuela,e1_0.Estado,e1_0.Nombre,e1_0.Tipo from espacio e1_0
Hibernate: select e1_0.IdEscuela,e1_0.IdFacultad,e1_0.Nombre from escuela e1_0 where e1_0.IdEscuela=?
Hibernate: select e1_0.IdEscuela,e1_0.IdFacultad,e1_0.Nombre from escuela e1_0 where e1_0.IdEscuela=?
Hibernate: select e1_0.IdEspacio,e1_0.Capacidad,e1_0.Codigo,e1_0.Equipamiento,e1_0.Escuela,e1_0.Estado,e1_0.Nombre,e1_0.Tipo from espacio e1_0
Hibernate: select e1_0.IdEscuela,e1_0.IdFacultad,e1_0.Nombre from escuela e1_0 where e1_0.IdEscuela=?
Hibernate: select e1_0.IdEscuela,e1_0.IdFacultad,e1_0.Nombre from escuela e1_0 where e1_0.IdEscuela=?
Hibernate: select e1_0.IdEspacio,e1_0.Capacidad,e1_0.Codigo,e1_0.Equipamiento,e1_0.Escuela,e1_0.Estado,e1_0.Nombre,e1_0.Tipo from espacio e1_0
Hibernate: select e1_0.IdEscuela,e1_0.IdFacultad,e1_0.Nombre from escuela e1_0 where e1_0.IdEscuela=?
Hibernate: select e1_0.IdEscuela,e1_0.IdFacultad,e1_0.Nombre from escuela e1_0 where e1_0.IdEscuela=?
Hibernate: select e1_0.IdEscuela,e1_0.IdFacultad,e1_0.Nombre from escuela e1_0
Hibernate: select e1_0.IdEspacio,e1_0.Capacidad,e1_0.Codigo,e1_0.Equipamiento,e1_0.Escuela,e1_0.Estado,e1_0.Nombre,e1_0.Tipo from espacio e1_0
Hibernate: select e1_0.IdEscuela,e1_0.IdFacultad,e1_0.Nombre from escuela e1_0 where e1_0.IdEscuela=?
Hibernate: select e1_0.IdEscuela,e1_0.IdFacultad,e1_0.Nombre from escuela e1_0 where e1_0.IdEscuela=?
Hibernate: select e1_0.IdEscuela,e1_0.IdFacultad,e1_0.Nombre from escuela e1_0
Hibernate: select e1_0.IdEspacio,e1_0.Capacidad,e1_0.Codigo,e1_0.Equipamiento,e1_0.Escuela,e1_0.Estado,e1_0.Nombre,e1_0.Tipo from espacio e1_0
Hibernate: select e1_0.IdEscuela,e1_0.IdFacultad,e1_0.Nombre from escuela e1_0 where e1_0.IdEscuela=?
Hibernate: select e1_0.IdEscuela,e1_0.IdFacultad,e1_0.Nombre from escuela e1_0 where e1_0.IdEscuela=?
2025-11-26T19:17:37.250-05:00  WARN 21024 --- [servicio] [l-1:housekeeper] com.zaxxer.hikari.pool.HikariPool        : HikariPool-1 - Thread starvation or clock leap detected (housekeeper delta=2m635ms582µs200ns).
Hibernate: select e1_0.IdEspacio,e1_0.Capacidad,e1_0.Codigo,e1_0.Equipamiento,e1_0.Escuela,e1_0.Estado,e1_0.Nombre,e1_0.Tipo from espacio e1_0
Hibernate: select e1_0.IdEscuela,e1_0.IdFacultad,e1_0.Nombre from escuela e1_0
Hibernate: select e1_0.IdEscuela,e1_0.IdFacultad,e1_0.Nombre from escuela e1_0 where e1_0.IdEscuela=?
Hibernate: select e1_0.IdEscuela,e1_0.IdFacultad,e1_0.Nombre from escuela e1_0 where e1_0.IdEscuela=?
Hibernate: select e1_0.IdEscuela,e1_0.IdFacultad,e1_0.Nombre from escuela e1_0
Hibernate: select e1_0.IdEspacio,e1_0.Capacidad,e1_0.Codigo,e1_0.Equipamiento,e1_0.Escuela,e1_0.Estado,e1_0.Nombre,e1_0.Tipo from espacio e1_0
Hibernate: select e1_0.IdEscuela,e1_0.IdFacultad,e1_0.Nombre from escuela e1_0 where e1_0.IdEscuela=?
Hibernate: select e1_0.IdEscuela,e1_0.IdFacultad,e1_0.Nombre from escuela e1_0 where e1_0.IdEscuela=?
Hibernate: select e1_0.IdEspacio,e1_0.Capacidad,e1_0.Codigo,e1_0.Equipamiento,e1_0.Escuela,e1_0.Estado,e1_0.Nombre,e1_0.Tipo from espacio e1_0
Hibernate: select e1_0.IdEscuela,e1_0.IdFacultad,e1_0.Nombre from escuela e1_0
Hibernate: select e1_0.IdEscuela,e1_0.IdFacultad,e1_0.Nombre from escuela e1_0 where e1_0.IdEscuela=?
Hibernate: select e1_0.IdEscuela,e1_0.IdFacultad,e1_0.Nombre from escuela e1_0 where e1_0.IdEscuela=?
Hibernate: select e1_0.IdEspacio,e1_0.Capacidad,e1_0.Codigo,e1_0.Equipamiento,e1_0.Escuela,e1_0.Estado,e1_0.Nombre,e1_0.Tipo from espacio e1_0
Hibernate: select e1_0.IdEscuela,e1_0.IdFacultad,e1_0.Nombre from escuela e1_0
Hibernate: select e1_0.IdEscuela,e1_0.IdFacultad,e1_0.Nombre from escuela e1_0 where e1_0.IdEscuela=?
Hibernate: select e1_0.IdEscuela,e1_0.IdFacultad,e1_0.Nombre from escuela e1_0 where e1_0.IdEscuela=?
Hibernate: select e1_0.IdEspacio,e1_0.Capacidad,e1_0.Codigo,e1_0.Equipamiento,e1_0.Escuela,e1_0.Estado,e1_0.Nombre,e1_0.Tipo from espacio e1_0
Hibernate: select e1_0.IdEscuela,e1_0.IdFacultad,e1_0.Nombre from escuela e1_0
Hibernate: select e1_0.IdEscuela,e1_0.IdFacultad,e1_0.Nombre from escuela e1_0 where e1_0.IdEscuela=?
Hibernate: select e1_0.IdEscuela,e1_0.IdFacultad,e1_0.Nombre from escuela e1_0 where e1_0.IdEscuela=?
Hibernate: select e1_0.IdEscuela,e1_0.IdFacultad,e1_0.Nombre from escuela e1_0
Hibernate: select e1_0.IdEspacio,e1_0.Capacidad,e1_0.Codigo,e1_0.Equipamiento,e1_0.Escuela,e1_0.Estado,e1_0.Nombre,e1_0.Tipo from espacio e1_0
Hibernate: select e1_0.IdEscuela,e1_0.IdFacultad,e1_0.Nombre from escuela e1_0 where e1_0.IdEscuela=?
Hibernate: select e1_0.IdEscuela,e1_0.IdFacultad,e1_0.Nombre from escuela e1_0 where e1_0.IdEscuela=?
Hibernate: select e1_0.IdEscuela,e1_0.IdFacultad,e1_0.Nombre from escuela e1_0
Hibernate: select e1_0.IdEspacio,e1_0.Capacidad,e1_0.Codigo,e1_0.Equipamiento,e1_0.Escuela,e1_0.Estado,e1_0.Nombre,e1_0.Tipo from espacio e1_0
Hibernate: select e1_0.IdEscuela,e1_0.IdFacultad,e1_0.Nombre from escuela e1_0 where e1_0.IdEscuela=?
Hibernate: select e1_0.IdEscuela,e1_0.IdFacultad,e1_0.Nombre from escuela e1_0 where e1_0.IdEscuela=?
Hibernate: select e1_0.IdEscuela,e1_0.IdFacultad,e1_0.Nombre from escuela e1_0
Hibernate: select e1_0.IdEspacio,e1_0.Capacidad,e1_0.Codigo,e1_0.Equipamiento,e1_0.Escuela,e1_0.Estado,e1_0.Nombre,e1_0.Tipo from espacio e1_0
Hibernate: select e1_0.IdEscuela,e1_0.IdFacultad,e1_0.Nombre from escuela e1_0 where e1_0.IdEscuela=?
Hibernate: select e1_0.IdEscuela,e1_0.IdFacultad,e1_0.Nombre from escuela e1_0 where e1_0.IdEscuela=?
Hibernate: select e1_0.IdEspacio,e1_0.Capacidad,e1_0.Codigo,e1_0.Equipamiento,e1_0.Escuela,e1_0.Estado,e1_0.Nombre,e1_0.Tipo from espacio e1_0 where upper(e1_0.Codigo)=upper(?)
Hibernate: select e1_0.IdEscuela,e1_0.IdFacultad,e1_0.Nombre from escuela e1_0 where e1_0.IdEscuela=?
Hibernate: insert into espacio (Capacidad,Codigo,Equipamiento,Escuela,Estado,Nombre,Tipo) values (?,?,?,?,?,?,?)
Hibernate: select e1_0.IdEscuela,e1_0.IdFacultad,e1_0.Nombre from escuela e1_0
Hibernate: select e1_0.IdEspacio,e1_0.Capacidad,e1_0.Codigo,e1_0.Equipamiento,e1_0.Escuela,e1_0.Estado,e1_0.Nombre,e1_0.Tipo from espacio e1_0
Hibernate: select e1_0.IdEscuela,e1_0.IdFacultad,e1_0.Nombre from escuela e1_0 where e1_0.IdEscuela=?
Hibernate: select e1_0.IdEscuela,e1_0.IdFacultad,e1_0.Nombre from escuela e1_0 where e1_0.IdEscuela=?
Hibernate: select e1_0.IdEscuela,e1_0.IdFacultad,e1_0.Nombre from escuela e1_0
Hibernate: select e1_0.IdEspacio,e1_0.Capacidad,e1_0.Codigo,e1_0.Equipamiento,e1_0.Escuela,e1_0.Estado,e1_0.Nombre,e1_0.Tipo from espacio e1_0
Hibernate: select e1_0.IdEscuela,e1_0.IdFacultad,e1_0.Nombre from escuela e1_0 where e1_0.IdEscuela=?
Hibernate: select e1_0.IdEscuela,e1_0.IdFacultad,e1_0.Nombre from escuela e1_0 where e1_0.IdEscuela=?
2025-11-26T19:42:32.229-05:00  INFO 21024 --- [servicio] [ionShutdownHook] o.s.b.w.e.tomcat.GracefulShutdown        : Commencing graceful shutdown. Waiting for active requests to complete
2025-11-26T19:42:32.249-05:00  INFO 21024 --- [servicio] [tomcat-shutdown] o.s.b.w.e.tomcat.GracefulShutdown        : Graceful shutdown complete
2025-11-26T19:42:32.265-05:00  INFO 21024 --- [servicio] [ionShutdownHook] j.LocalContainerEntityManagerFactoryBean : Closing JPA EntityManagerFactory for persistence unit 'default'
2025-11-26T19:42:32.283-05:00  INFO 21024 --- [servicio] [ionShutdownHook] com.zaxxer.hikari.HikariDataSource       : HikariPool-1 - Shutdown initiated...
2025-11-26T19:42:32.295-05:00  INFO 21024 --- [servicio] [ionShutdownHook] com.zaxxer.hikari.HikariDataSource       : HikariPool-1 - Shutdown completed.
