[INFO] Scanning for projects...
[INFO] 
[INFO] ----------------------< com.QR:QRIntreUptReserva >----------------------
[INFO] Building QRIntreUptReserva 0.0.1-SNAPSHOT
[INFO]   from pom.xml
[INFO] --------------------------------[ jar ]---------------------------------
[INFO] 
[INFO] >>> spring-boot:3.5.7:run (default-cli) > test-compile @ QRIntreUptReserva >>>
[INFO] 
[INFO] --- resources:3.3.1:resources (default-resources) @ QRIntreUptReserva ---
[INFO] Copying 1 resource from src\main\resources to target\classes
[INFO] Copying 0 resource from src\main\resources to target\classes
[INFO] 
[INFO] --- compiler:3.14.1:compile (default-compile) @ QRIntreUptReserva ---
[INFO] Nothing to compile - all classes are up to date.
[INFO] 
[INFO] --- resources:3.3.1:testResources (default-testResources) @ QRIntreUptReserva ---
[INFO] skip non existing resourceDirectory C:\Users\Razse\Downloads\asda\IntegraUPT\IntegraUPT\Integraupt-Backend\BackendQR\src\test\resources
[INFO] 
[INFO] --- compiler:3.14.1:testCompile (default-testCompile) @ QRIntreUptReserva ---
[INFO] Nothing to compile - all classes are up to date.
[INFO] 
[INFO] <<< spring-boot:3.5.7:run (default-cli) < test-compile @ QRIntreUptReserva <<<
[INFO] 
[INFO] 
[INFO] --- spring-boot:3.5.7:run (default-cli) @ QRIntreUptReserva ---
[INFO] Attaching agents: []

  .   ____          _            __ _ _
 /\\ / ___'_ __ _ _(_)_ __  __ _ \ \ \ \
( ( )\___ | '_ | '_| | '_ \/ _` | \ \ \ \
 \\/  ___)| |_)| | | | | || (_| |  ) ) ) )
  '  |____| .__|_| |_|_| |_\__, | / / / /
 =========|_|==============|___/=/_/_/_/

 :: Spring Boot ::                (v3.5.7)

2025-11-21T09:19:55.619-05:00  INFO 23792 --- [QRIntreUptReserva] [  restartedMain] c.i.qr.QrIntreUptReservaApplication      : Starting QrIntreUptReservaApplication using Java 21.0.8 with PID 23792 (C:\Users\Razse\Downloads\asda\IntegraUPT\IntegraUPT\Integraupt-Backend\BackendQR\target\classes started by Razse in C:\Users\Razse\Downloads\asda\IntegraUPT\IntegraUPT\Integraupt-Backend\BackendQR)
2025-11-21T09:19:55.627-05:00  INFO 23792 --- [QRIntreUptReserva] [  restartedMain] c.i.qr.QrIntreUptReservaApplication      : No active profile set, falling back to 1 default profile: "default"
2025-11-21T09:19:55.805-05:00  INFO 23792 --- [QRIntreUptReserva] [  restartedMain] .e.DevToolsPropertyDefaultsPostProcessor : Devtools property defaults active! Set 'spring.devtools.add-properties' to 'false' to disable
2025-11-21T09:19:55.806-05:00  INFO 23792 --- [QRIntreUptReserva] [  restartedMain] .e.DevToolsPropertyDefaultsPostProcessor : For additional web related logging consider setting the 'logging.level.web' property to 'DEBUG'
2025-11-21T09:19:58.259-05:00  INFO 23792 --- [QRIntreUptReserva] [  restartedMain] .s.d.r.c.RepositoryConfigurationDelegate : Bootstrapping Spring Data JPA repositories in DEFAULT mode.
2025-11-21T09:19:58.310-05:00  INFO 23792 --- [QRIntreUptReserva] [  restartedMain] .s.d.r.c.RepositoryConfigurationDelegate : Finished Spring Data repository scanning in 33 ms. Found 0 JPA repository interfaces.
2025-11-21T09:19:59.792-05:00  INFO 23792 --- [QRIntreUptReserva] [  restartedMain] o.s.b.w.embedded.tomcat.TomcatWebServer  : Tomcat initialized with port 8090 (http)
2025-11-21T09:19:59.827-05:00  INFO 23792 --- [QRIntreUptReserva] [  restartedMain] o.apache.catalina.core.StandardService   : Starting service [Tomcat]
2025-11-21T09:19:59.828-05:00  INFO 23792 --- [QRIntreUptReserva] [  restartedMain] o.apache.catalina.core.StandardEngine    : Starting Servlet engine: [Apache Tomcat/10.1.48]
2025-11-21T09:19:59.934-05:00  INFO 23792 --- [QRIntreUptReserva] [  restartedMain] o.a.c.c.C.[Tomcat].[localhost].[/]       : Initializing Spring embedded WebApplicationContext
2025-11-21T09:19:59.937-05:00  INFO 23792 --- [QRIntreUptReserva] [  restartedMain] w.s.c.ServletWebServerApplicationContext : Root WebApplicationContext: initialization completed in 4125 ms
2025-11-21T09:20:00.298-05:00  INFO 23792 --- [QRIntreUptReserva] [  restartedMain] o.hibernate.jpa.internal.util.LogHelper  : HHH000204: Processing PersistenceUnitInfo [name: default]
2025-11-21T09:20:00.438-05:00  INFO 23792 --- [QRIntreUptReserva] [  restartedMain] org.hibernate.Version                    : HHH000412: Hibernate ORM core version 6.6.33.Final
2025-11-21T09:20:00.505-05:00  INFO 23792 --- [QRIntreUptReserva] [  restartedMain] o.h.c.internal.RegionFactoryInitiator    : HHH000026: Second-level cache disabled
2025-11-21T09:20:01.082-05:00  INFO 23792 --- [QRIntreUptReserva] [  restartedMain] o.s.o.j.p.SpringPersistenceUnitInfo      : No LoadTimeWeaver setup: ignoring JPA class transformer
2025-11-21T09:20:01.146-05:00  INFO 23792 --- [QRIntreUptReserva] [  restartedMain] com.zaxxer.hikari.HikariDataSource       : HikariPool-1 - Starting...
2025-11-21T09:20:01.687-05:00  INFO 23792 --- [QRIntreUptReserva] [  restartedMain] com.zaxxer.hikari.pool.HikariPool        : HikariPool-1 - Added connection com.mysql.cj.jdbc.ConnectionImpl@a88ff36
2025-11-21T09:20:01.693-05:00  INFO 23792 --- [QRIntreUptReserva] [  restartedMain] com.zaxxer.hikari.HikariDataSource       : HikariPool-1 - Start completed.
2025-11-21T09:20:01.824-05:00  WARN 23792 --- [QRIntreUptReserva] [  restartedMain] org.hibernate.dialect.Dialect            : HHH000511: The 5.5.5 version for [org.hibernate.dialect.MySQLDialect] is no longer supported, hence certain features may not work properly. The minimum supported version is 8.0.0. Check the community dialects project for available legacy versions.
2025-11-21T09:20:01.837-05:00  WARN 23792 --- [QRIntreUptReserva] [  restartedMain] org.hibernate.orm.deprecation            : HHH90000025: MySQLDialect does not need to be specified explicitly using 'hibernate.dialect' (remove the property setting and it will be selected by default)
2025-11-21T09:20:01.891-05:00  INFO 23792 --- [QRIntreUptReserva] [  restartedMain] org.hibernate.orm.connections.pooling    : HHH10001005: Database info:
	Database JDBC URL [Connecting through datasource 'HikariDataSource (HikariPool-1)']
	Database driver: undefined/unknown
	Database version: 5.5.5
	Autocommit mode: undefined/unknown
	Isolation level: undefined/unknown
	Minimum pool size: undefined/unknown
	Maximum pool size: undefined/unknown
2025-11-21T09:20:02.777-05:00  INFO 23792 --- [QRIntreUptReserva] [  restartedMain] o.h.e.t.j.p.i.JtaPlatformInitiator       : HHH000489: No JTA platform available (set 'hibernate.transaction.jta.platform' to enable JTA platform integration)
2025-11-21T09:20:02.792-05:00  INFO 23792 --- [QRIntreUptReserva] [  restartedMain] j.LocalContainerEntityManagerFactoryBean : Initialized JPA EntityManagerFactory for persistence unit 'default'
2025-11-21T09:20:03.162-05:00  WARN 23792 --- [QRIntreUptReserva] [  restartedMain] JpaBaseConfiguration$JpaWebConfiguration : spring.jpa.open-in-view is enabled by default. Therefore, database queries may be performed during view rendering. Explicitly configure spring.jpa.open-in-view to disable this warning
2025-11-21T09:20:03.953-05:00  INFO 23792 --- [QRIntreUptReserva] [  restartedMain] o.s.b.d.a.OptionalLiveReloadServer       : LiveReload server is running on port 35729
2025-11-21T09:20:04.037-05:00  INFO 23792 --- [QRIntreUptReserva] [  restartedMain] o.s.b.w.embedded.tomcat.TomcatWebServer  : Tomcat started on port 8090 (http) with context path '/'
2025-11-21T09:20:04.048-05:00  INFO 23792 --- [QRIntreUptReserva] [  restartedMain] c.i.qr.QrIntreUptReservaApplication      : Started QrIntreUptReservaApplication in 9.629 seconds (process running for 11.013)
2025-11-21T09:20:09.932-05:00  INFO 23792 --- [QRIntreUptReserva] [ionShutdownHook] o.s.b.w.e.tomcat.GracefulShutdown        : Commencing graceful shutdown. Waiting for active requests to complete
2025-11-21T09:20:09.943-05:00  INFO 23792 --- [QRIntreUptReserva] [tomcat-shutdown] o.s.b.w.e.tomcat.GracefulShutdown        : Graceful shutdown complete
2025-11-21T09:20:09.952-05:00  INFO 23792 --- [QRIntreUptReserva] [ionShutdownHook] j.LocalContainerEntityManagerFactoryBean : Closing JPA EntityManagerFactory for persistence unit 'default'
2025-11-21T09:20:09.957-05:00  INFO 23792 --- [QRIntreUptReserva] [ionShutdownHook] com.zaxxer.hikari.HikariDataSource       : HikariPool-1 - Shutdown initiated...
2025-11-21T09:20:09.972-05:00  INFO 23792 --- [QRIntreUptReserva] [ionShutdownHook] com.zaxxer.hikari.HikariDataSource       : HikariPool-1 - Shutdown completed.
